#
# There is insufficient memory for the Java Runtime Environment to continue.
# Native memory allocation (mmap) failed to map 154140672 bytes. Error detail: G1 virtual space
# Possible reasons:
#   The system is out of physical RAM or swap space
#   This process is running with CompressedOops enabled, and the Java Heap may be blocking the growth of the native heap
# Possible solutions:
#   Reduce memory load on the system
#   Increase physical memory or swap space
#   Check if swap backing store is full
#   Decrease Java heap size (-Xmx/-Xms)
#   Decrease number of Java threads
#   Decrease Java thread stack sizes (-Xss)
#   Set larger code cache with -XX:ReservedCodeCacheSize=
#   JVM is running with Unscaled Compressed Oops mode in which the Java heap is
#     placed in the first 4GB address space. The Java Heap base address is the
#     maximum limit for the native heap growth. Please use -XX:HeapBaseMinAddress
#     to set the Java Heap base and to place the Java Heap above 4GB virtual address.
# This output file may be truncated or incomplete.
#
#  Out of Memory Error (os_windows.cpp:3825), pid=25836, tid=9912
#
# JRE version: OpenJDK Runtime Environment (17.0.11) (build 17.0.11+0--11852314)
# Java VM: OpenJDK 64-Bit Server VM (17.0.11+0--11852314, mixed mode, tiered, compressed oops, compressed class ptrs, g1 gc, windows-amd64)
# No core dump will be written. Minidumps are not enabled by default on client versions of Windows
#

---------------  S U M M A R Y ------------

Command Line: org.jetbrains.kotlin.cli.jvm.K2JVMCompiler @C:\Users\abdul\Downloads\DailyPulse\DailyPulse\composeApp\build\20240907_8134417306895098669.compiler.options

Host: 11th Gen Intel(R) Core(TM) i5-1135G7 @ 2.40GHz, 8 cores, 7G,  Windows 10 , 64 bit Build 19041 (10.0.19041.4717)
Time: Sat Sep  7 23:43:27 2024 India Standard Time elapsed time: 32.548924 seconds (0d 0h 0m 32s)

---------------  T H R E A D  ---------------

Current thread (0x00000256fa711930):  VMThread "VM Thread" [stack: 0x0000006e1b400000,0x0000006e1b500000] [id=9912]

Stack: [0x0000006e1b400000,0x0000006e1b500000]
Native frames: (J=compiled Java code, j=interpreted, Vv=VM code, C=native code)
V  [jvm.dll+0x687bb9]
V  [jvm.dll+0x84142a]
V  [jvm.dll+0x8430ae]
V  [jvm.dll+0x843713]
V  [jvm.dll+0x24a35f]
V  [jvm.dll+0x684989]
V  [jvm.dll+0x67923a]
V  [jvm.dll+0x30af0b]
V  [jvm.dll+0x3123b6]
V  [jvm.dll+0x361dfe]
V  [jvm.dll+0x36202f]
V  [jvm.dll+0x2e0d38]
V  [jvm.dll+0x2df144]
V  [jvm.dll+0x2de74c]
V  [jvm.dll+0x32305b]
V  [jvm.dll+0x847e0b]
V  [jvm.dll+0x848b42]
V  [jvm.dll+0x84905d]
V  [jvm.dll+0x849434]
V  [jvm.dll+0x849500]
V  [jvm.dll+0x7efa4a]
V  [jvm.dll+0x686a35]
C  [ucrtbase.dll+0x21bb2]
C  [KERNEL32.DLL+0x17374]
C  [ntdll.dll+0x4cc91]

VM_Operation (0x0000006e1aefac80): G1CollectForAllocation, mode: safepoint, requested by thread 0x00000256e0b0db30


---------------  P R O C E S S  ---------------

Threads class SMR info:
_java_thread_list=0x00000256fa9d1320, length=12, elements={
0x00000256e0b0db30, 0x00000256fa716310, 0x00000256fa716f50, 0x00000256fa87cde0,
0x00000256fa87d7a0, 0x00000256fa87e160, 0x00000256fa87eb20, 0x00000256fa882d10,
0x00000256fa883710, 0x00000256fa884110, 0x00000256fa9fe420, 0x00000256faa00fc0
}

Java Threads: ( => current thread )
  0x00000256e0b0db30 JavaThread "main" [_thread_blocked, id=20324, stack(0x0000006e1ae00000,0x0000006e1af00000)]
  0x00000256fa716310 JavaThread "Reference Handler" daemon [_thread_blocked, id=14080, stack(0x0000006e1b500000,0x0000006e1b600000)]
  0x00000256fa716f50 JavaThread "Finalizer" daemon [_thread_blocked, id=39308, stack(0x0000006e1b600000,0x0000006e1b700000)]
  0x00000256fa87cde0 JavaThread "Signal Dispatcher" daemon [_thread_blocked, id=16576, stack(0x0000006e1b700000,0x0000006e1b800000)]
  0x00000256fa87d7a0 JavaThread "Attach Listener" daemon [_thread_blocked, id=24184, stack(0x0000006e1b800000,0x0000006e1b900000)]
  0x00000256fa87e160 JavaThread "Service Thread" daemon [_thread_blocked, id=23892, stack(0x0000006e1b900000,0x0000006e1ba00000)]
  0x00000256fa87eb20 JavaThread "Monitor Deflation Thread" daemon [_thread_blocked, id=6068, stack(0x0000006e1ba00000,0x0000006e1bb00000)]
  0x00000256fa882d10 JavaThread "C2 CompilerThread0" daemon [_thread_blocked, id=14340, stack(0x0000006e1bb00000,0x0000006e1bc00000)]
  0x00000256fa883710 JavaThread "C1 CompilerThread0" daemon [_thread_blocked, id=29384, stack(0x0000006e1bc00000,0x0000006e1bd00000)]
  0x00000256fa884110 JavaThread "Sweeper thread" daemon [_thread_blocked, id=27304, stack(0x0000006e1bd00000,0x0000006e1be00000)]
  0x00000256fa9fe420 JavaThread "Notification Thread" daemon [_thread_blocked, id=39908, stack(0x0000006e1be00000,0x0000006e1bf00000)]
  0x00000256faa00fc0 JavaThread "Common-Cleaner" daemon [_thread_blocked, id=35724, stack(0x0000006e1c000000,0x0000006e1c100000)]

Other Threads:
=>0x00000256fa711930 VMThread "VM Thread" [stack: 0x0000006e1b400000,0x0000006e1b500000] [id=9912]
  0x00000256fa9fe900 WatcherThread [stack: 0x0000006e1bf00000,0x0000006e1c000000] [id=24336]
  0x00000256e0b686f0 GCTaskThread "GC Thread#0" [stack: 0x0000006e1af00000,0x0000006e1b000000] [id=19600]
  0x00000256ff3da9f0 GCTaskThread "GC Thread#1" [stack: 0x0000006e1c100000,0x0000006e1c200000] [id=32376]
  0x00000256ff38ab20 GCTaskThread "GC Thread#2" [stack: 0x0000006e1c200000,0x0000006e1c300000] [id=29880]
  0x00000256ff4098a0 GCTaskThread "GC Thread#3" [stack: 0x0000006e1c300000,0x0000006e1c400000] [id=25760]
  0x00000256ff409b60 GCTaskThread "GC Thread#4" [stack: 0x0000006e1c400000,0x0000006e1c500000] [id=16536]
  0x00000256ff40c640 GCTaskThread "GC Thread#5" [stack: 0x0000006e1c500000,0x0000006e1c600000] [id=2248]
  0x00000256ff701350 GCTaskThread "GC Thread#6" [stack: 0x0000006e1c600000,0x0000006e1c700000] [id=7304]
  0x00000256ff7216e0 GCTaskThread "GC Thread#7" [stack: 0x0000006e1c700000,0x0000006e1c800000] [id=18164]
  0x00000256e0b79560 ConcurrentGCThread "G1 Main Marker" [stack: 0x0000006e1b000000,0x0000006e1b100000] [id=32396]
  0x00000256e0b79f80 ConcurrentGCThread "G1 Conc#0" [stack: 0x0000006e1b100000,0x0000006e1b200000] [id=36412]
  0x00000256ff408460 ConcurrentGCThread "G1 Conc#1" [stack: 0x0000006e1c800000,0x0000006e1c900000] [id=38364]
  0x00000256e0bce5a0 ConcurrentGCThread "G1 Refine#0" [stack: 0x0000006e1b200000,0x0000006e1b300000] [id=27952]
  0x00000256803be560 ConcurrentGCThread "G1 Refine#1" [stack: 0x0000006e1c900000,0x0000006e1ca00000] [id=18424]
  0x0000025685925010 ConcurrentGCThread "G1 Refine#2" [stack: 0x0000006e1ca00000,0x0000006e1cb00000] [id=14320]
  0x00000256fa5420b0 ConcurrentGCThread "G1 Service" [stack: 0x0000006e1b300000,0x0000006e1b400000] [id=35180]

Threads with active compile tasks:
C2 CompilerThread0    32649 9635       4       java.lang.ClassLoader::getDefinedPackage (36 bytes)
C1 CompilerThread0    32658 9669       3       org.jetbrains.kotlin.fir.backend.generators.CallAndReferenceGenerator::applyReceivers (563 bytes)

VM state: at safepoint (normal execution)

VM Mutex/Monitor currently owned by a thread:  ([mutex/lock_event])
[0x00000256e0b0a1c0] Threads_lock - owner thread: 0x00000256fa711930
[0x00000256e0b090e0] Heap_lock - owner thread: 0x00000256e0b0db30

Heap address: 0x0000000084400000, size: 1980 MB, Compressed Oops mode: 32-bit

CDS archive(s) not mapped
Compressed class space mapped at: 0x0000000100000000-0x0000000140000000, reserved size: 1073741824
Narrow klass base: 0x0000000000000000, Narrow klass shift: 3, Narrow klass range: 0x140000000

GC Precious Log:
 CPUs: 8 total, 8 available
 Memory: 7914M
 Large Page Support: Disabled
 NUMA Support: Disabled
 Compressed Oops: Enabled (32-bit)
 Heap Region Size: 1M
 Heap Min Capacity: 8M
 Heap Initial Capacity: 124M
 Heap Max Capacity: 1980M
 Pre-touch: Disabled
 Parallel Workers: 8
 Concurrent Workers: 2
 Concurrent Refinement Workers: 8
 Periodic GC: Disabled

Heap:
 garbage-first heap   total 165888K, used 96062K [0x0000000084400000, 0x0000000100000000)
  region size 1024K, 1 young (1024K), 1 survivors (1024K)
 Metaspace       used 72004K, committed 72320K, reserved 1114112K
  class space    used 7973K, committed 8128K, reserved 1048576K

Heap Regions: E=young(eden), S=young(survivor), O=old, HS=humongous(starts), HC=humongous(continues), CS=collection set, F=free, OA=open archive, CA=closed archive, TAMS=top-at-mark-start (previous, next)
|   0|0x0000000084400000, 0x0000000084500000, 0x0000000084500000|100%|HS|  |TAMS 0x0000000084500000, 0x0000000084400000| Complete 
|   1|0x0000000084500000, 0x0000000084600000, 0x0000000084600000|100%|HC|  |TAMS 0x0000000084600000, 0x0000000084500000| Complete 
|   2|0x0000000084600000, 0x0000000084700000, 0x0000000084700000|100%|HC|  |TAMS 0x0000000084700000, 0x0000000084600000| Complete 
|   3|0x0000000084700000, 0x0000000084800000, 0x0000000084800000|100%| O|  |TAMS 0x0000000084800000, 0x0000000084700000| Untracked 
|   4|0x0000000084800000, 0x0000000084900000, 0x0000000084900000|100%| O|  |TAMS 0x0000000084900000, 0x0000000084800000| Untracked 
|   5|0x0000000084900000, 0x0000000084a00000, 0x0000000084a00000|100%| O|  |TAMS 0x0000000084a00000, 0x0000000084900000| Untracked 
|   6|0x0000000084a00000, 0x0000000084b00000, 0x0000000084b00000|100%| O|  |TAMS 0x0000000084b00000, 0x0000000084a00000| Untracked 
|   7|0x0000000084b00000, 0x0000000084c00000, 0x0000000084c00000|100%| O|  |TAMS 0x0000000084c00000, 0x0000000084b00000| Untracked 
|   8|0x0000000084c00000, 0x0000000084d00000, 0x0000000084d00000|100%| O|  |TAMS 0x0000000084d00000, 0x0000000084c00000| Untracked 
|   9|0x0000000084d00000, 0x0000000084e00000, 0x0000000084e00000|100%| O|  |TAMS 0x0000000084e00000, 0x0000000084d00000| Untracked 
|  10|0x0000000084e00000, 0x0000000084f00000, 0x0000000084f00000|100%| O|  |TAMS 0x0000000084f00000, 0x0000000084e00000| Untracked 
|  11|0x0000000084f00000, 0x0000000085000000, 0x0000000085000000|100%| O|  |TAMS 0x0000000085000000, 0x0000000084f00000| Untracked 
|  12|0x0000000085000000, 0x0000000085100000, 0x0000000085100000|100%| O|  |TAMS 0x0000000085100000, 0x0000000085000000| Untracked 
|  13|0x0000000085100000, 0x0000000085200000, 0x0000000085200000|100%| O|  |TAMS 0x0000000085200000, 0x0000000085100000| Untracked 
|  14|0x0000000085200000, 0x0000000085300000, 0x0000000085300000|100%| O|  |TAMS 0x0000000085300000, 0x0000000085200000| Untracked 
|  15|0x0000000085300000, 0x0000000085400000, 0x0000000085400000|100%| O|  |TAMS 0x0000000085400000, 0x0000000085300000| Untracked 
|  16|0x0000000085400000, 0x0000000085500000, 0x0000000085500000|100%| O|  |TAMS 0x0000000085500000, 0x0000000085400000| Untracked 
|  17|0x0000000085500000, 0x0000000085600000, 0x0000000085600000|100%| O|  |TAMS 0x0000000085600000, 0x0000000085500000| Untracked 
|  18|0x0000000085600000, 0x0000000085700000, 0x0000000085700000|100%| O|  |TAMS 0x0000000085700000, 0x0000000085600000| Untracked 
|  19|0x0000000085700000, 0x0000000085800000, 0x0000000085800000|100%| O|  |TAMS 0x0000000085800000, 0x0000000085700000| Untracked 
|  20|0x0000000085800000, 0x0000000085900000, 0x0000000085900000|100%| O|  |TAMS 0x0000000085900000, 0x0000000085800000| Untracked 
|  21|0x0000000085900000, 0x0000000085a00000, 0x0000000085a00000|100%| O|  |TAMS 0x0000000085a00000, 0x0000000085900000| Untracked 
|  22|0x0000000085a00000, 0x0000000085b00000, 0x0000000085b00000|100%| O|  |TAMS 0x0000000085b00000, 0x0000000085a00000| Untracked 
|  23|0x0000000085b00000, 0x0000000085c00000, 0x0000000085c00000|100%| O|  |TAMS 0x0000000085c00000, 0x0000000085b00000| Untracked 
|  24|0x0000000085c00000, 0x0000000085d00000, 0x0000000085d00000|100%| O|  |TAMS 0x0000000085d00000, 0x0000000085c00000| Untracked 
|  25|0x0000000085d00000, 0x0000000085e00000, 0x0000000085e00000|100%| O|  |TAMS 0x0000000085e00000, 0x0000000085d00000| Untracked 
|  26|0x0000000085e00000, 0x0000000085f00000, 0x0000000085f00000|100%| O|  |TAMS 0x0000000085f00000, 0x0000000085e00000| Untracked 
|  27|0x0000000085f00000, 0x0000000086000000, 0x0000000086000000|100%| O|  |TAMS 0x0000000086000000, 0x0000000085f00000| Untracked 
|  28|0x0000000086000000, 0x0000000086100000, 0x0000000086100000|100%| O|  |TAMS 0x0000000086100000, 0x0000000086000000| Untracked 
|  29|0x0000000086100000, 0x0000000086200000, 0x0000000086200000|100%| O|  |TAMS 0x0000000086200000, 0x0000000086100000| Untracked 
|  30|0x0000000086200000, 0x0000000086300000, 0x0000000086300000|100%| O|  |TAMS 0x0000000086300000, 0x0000000086200000| Untracked 
|  31|0x0000000086300000, 0x0000000086400000, 0x0000000086400000|100%| O|  |TAMS 0x0000000086400000, 0x0000000086300000| Untracked 
|  32|0x0000000086400000, 0x0000000086500000, 0x0000000086500000|100%| O|  |TAMS 0x0000000086500000, 0x0000000086400000| Untracked 
|  33|0x0000000086500000, 0x0000000086600000, 0x0000000086600000|100%| O|  |TAMS 0x0000000086500000, 0x0000000086500000| Untracked 
|  34|0x0000000086600000, 0x0000000086700000, 0x0000000086700000|100%| O|  |TAMS 0x0000000086700000, 0x0000000086600000| Untracked 
|  35|0x0000000086700000, 0x0000000086800000, 0x0000000086800000|100%| O|  |TAMS 0x0000000086800000, 0x0000000086700000| Untracked 
|  36|0x0000000086800000, 0x0000000086900000, 0x0000000086900000|100%| O|  |TAMS 0x0000000086900000, 0x0000000086800000| Untracked 
|  37|0x0000000086900000, 0x0000000086a00000, 0x0000000086a00000|100%| O|  |TAMS 0x0000000086a00000, 0x0000000086900000| Untracked 
|  38|0x0000000086a00000, 0x0000000086b00000, 0x0000000086b00000|100%| O|  |TAMS 0x0000000086b00000, 0x0000000086a00000| Untracked 
|  39|0x0000000086b00000, 0x0000000086c00000, 0x0000000086c00000|100%| O|  |TAMS 0x0000000086c00000, 0x0000000086b00000| Untracked 
|  40|0x0000000086c00000, 0x0000000086d00000, 0x0000000086d00000|100%| O|  |TAMS 0x0000000086d00000, 0x0000000086c00000| Untracked 
|  41|0x0000000086d00000, 0x0000000086e00000, 0x0000000086e00000|100%| O|  |TAMS 0x0000000086e00000, 0x0000000086d00000| Untracked 
|  42|0x0000000086e00000, 0x0000000086f00000, 0x0000000086f00000|100%| O|  |TAMS 0x0000000086f00000, 0x0000000086e00000| Untracked 
|  43|0x0000000086f00000, 0x0000000087000000, 0x0000000087000000|100%| O|  |TAMS 0x0000000087000000, 0x0000000086f00000| Untracked 
|  44|0x0000000087000000, 0x0000000087100000, 0x0000000087100000|100%| O|  |TAMS 0x0000000087100000, 0x0000000087000000| Untracked 
|  45|0x0000000087100000, 0x0000000087200000, 0x0000000087200000|100%| O|  |TAMS 0x0000000087200000, 0x0000000087100000| Untracked 
|  46|0x0000000087200000, 0x0000000087300000, 0x0000000087300000|100%| O|  |TAMS 0x0000000087300000, 0x0000000087200000| Untracked 
|  47|0x0000000087300000, 0x0000000087400000, 0x0000000087400000|100%| O|  |TAMS 0x0000000087400000, 0x0000000087300000| Untracked 
|  48|0x0000000087400000, 0x0000000087500000, 0x0000000087500000|100%| O|  |TAMS 0x0000000087400000, 0x0000000087400000| Untracked 
|  49|0x0000000087500000, 0x0000000087600000, 0x0000000087600000|100%| O|  |TAMS 0x0000000087600000, 0x0000000087500000| Untracked 
|  50|0x0000000087600000, 0x0000000087700000, 0x0000000087700000|100%| O|  |TAMS 0x0000000087700000, 0x0000000087600000| Untracked 
|  51|0x0000000087700000, 0x0000000087800000, 0x0000000087800000|100%| O|  |TAMS 0x0000000087800000, 0x0000000087700000| Untracked 
|  52|0x0000000087800000, 0x0000000087900000, 0x0000000087900000|100%| O|  |TAMS 0x0000000087900000, 0x0000000087800000| Untracked 
|  53|0x0000000087900000, 0x0000000087a00000, 0x0000000087a00000|100%| O|  |TAMS 0x0000000087a00000, 0x0000000087900000| Untracked 
|  54|0x0000000087a00000, 0x0000000087a00000, 0x0000000087b00000|  0%| F|  |TAMS 0x0000000087a00000, 0x0000000087a00000| Untracked 
|  55|0x0000000087b00000, 0x0000000087c00000, 0x0000000087c00000|100%| O|  |TAMS 0x0000000087c00000, 0x0000000087b00000| Untracked 
|  56|0x0000000087c00000, 0x0000000087d00000, 0x0000000087d00000|100%| O|  |TAMS 0x0000000087d00000, 0x0000000087c00000| Untracked 
|  57|0x0000000087d00000, 0x0000000087e00000, 0x0000000087e00000|100%| O|  |TAMS 0x0000000087e00000, 0x0000000087d00000| Untracked 
|  58|0x0000000087e00000, 0x0000000087f00000, 0x0000000087f00000|100%| O|  |TAMS 0x0000000087f00000, 0x0000000087e00000| Untracked 
|  59|0x0000000087f00000, 0x0000000088000000, 0x0000000088000000|100%| O|  |TAMS 0x0000000088000000, 0x0000000087f00000| Untracked 
|  60|0x0000000088000000, 0x0000000088100000, 0x0000000088100000|100%| O|  |TAMS 0x0000000088100000, 0x0000000088000000| Untracked 
|  61|0x0000000088100000, 0x0000000088200000, 0x0000000088200000|100%| O|  |TAMS 0x0000000088200000, 0x0000000088100000| Untracked 
|  62|0x0000000088200000, 0x0000000088300000, 0x0000000088300000|100%| O|  |TAMS 0x0000000088300000, 0x0000000088200000| Untracked 
|  63|0x0000000088300000, 0x0000000088400000, 0x0000000088400000|100%| O|  |TAMS 0x0000000088400000, 0x0000000088300000| Untracked 
|  64|0x0000000088400000, 0x0000000088500000, 0x0000000088500000|100%| O|  |TAMS 0x0000000088500000, 0x0000000088400000| Untracked 
|  65|0x0000000088500000, 0x0000000088600000, 0x0000000088600000|100%| O|  |TAMS 0x0000000088600000, 0x0000000088500000| Untracked 
|  66|0x0000000088600000, 0x0000000088700000, 0x0000000088700000|100%| O|  |TAMS 0x0000000088700000, 0x0000000088600000| Untracked 
|  67|0x0000000088700000, 0x0000000088800000, 0x0000000088800000|100%| O|  |TAMS 0x0000000088800000, 0x0000000088700000| Untracked 
|  68|0x0000000088800000, 0x0000000088900000, 0x0000000088900000|100%| O|  |TAMS 0x0000000088900000, 0x0000000088800000| Untracked 
|  69|0x0000000088900000, 0x0000000088900000, 0x0000000088a00000|  0%| F|  |TAMS 0x0000000088900000, 0x0000000088900000| Untracked 
|  70|0x0000000088a00000, 0x0000000088b00000, 0x0000000088b00000|100%| O|  |TAMS 0x0000000088b00000, 0x0000000088a00000| Untracked 
|  71|0x0000000088b00000, 0x0000000088c00000, 0x0000000088c00000|100%| O|  |TAMS 0x0000000088c00000, 0x0000000088b00000| Untracked 
|  72|0x0000000088c00000, 0x0000000088d00000, 0x0000000088d00000|100%| O|  |TAMS 0x0000000088d00000, 0x0000000088c00000| Untracked 
|  73|0x0000000088d00000, 0x0000000088e00000, 0x0000000088e00000|100%| O|  |TAMS 0x0000000088e00000, 0x0000000088d00000| Untracked 
|  74|0x0000000088e00000, 0x0000000088f00000, 0x0000000088f00000|100%| O|  |TAMS 0x0000000088f00000, 0x0000000088e00000| Untracked 
|  75|0x0000000088f00000, 0x0000000089000000, 0x0000000089000000|100%| O|  |TAMS 0x0000000089000000, 0x0000000088f00000| Untracked 
|  76|0x0000000089000000, 0x0000000089100000, 0x0000000089100000|100%| O|  |TAMS 0x0000000089100000, 0x0000000089000000| Untracked 
|  77|0x0000000089100000, 0x0000000089200000, 0x0000000089200000|100%| O|  |TAMS 0x0000000089200000, 0x0000000089100000| Untracked 
|  78|0x0000000089200000, 0x0000000089300000, 0x0000000089300000|100%| O|  |TAMS 0x0000000089300000, 0x0000000089200000| Untracked 
|  79|0x0000000089300000, 0x0000000089400000, 0x0000000089400000|100%| O|  |TAMS 0x0000000089400000, 0x0000000089300000| Untracked 
|  80|0x0000000089400000, 0x0000000089500000, 0x0000000089500000|100%| O|  |TAMS 0x0000000089500000, 0x0000000089400000| Untracked 
|  81|0x0000000089500000, 0x0000000089600000, 0x0000000089600000|100%| O|  |TAMS 0x0000000089600000, 0x0000000089500000| Untracked 
|  82|0x0000000089600000, 0x0000000089700000, 0x0000000089700000|100%| O|  |TAMS 0x0000000089700000, 0x0000000089600000| Untracked 
|  83|0x0000000089700000, 0x0000000089800000, 0x0000000089800000|100%| O|  |TAMS 0x0000000089800000, 0x0000000089700000| Untracked 
|  84|0x0000000089800000, 0x0000000089900000, 0x0000000089900000|100%| O|  |TAMS 0x0000000089900000, 0x0000000089800000| Untracked 
|  85|0x0000000089900000, 0x0000000089a00000, 0x0000000089a00000|100%| O|  |TAMS 0x0000000089a00000, 0x0000000089900000| Untracked 
|  86|0x0000000089a00000, 0x0000000089b00000, 0x0000000089b00000|100%| O|  |TAMS 0x0000000089b00000, 0x0000000089a00000| Untracked 
|  87|0x0000000089b00000, 0x0000000089c00000, 0x0000000089c00000|100%| O|  |TAMS 0x0000000089c00000, 0x0000000089b00000| Untracked 
|  88|0x0000000089c00000, 0x0000000089d00000, 0x0000000089d00000|100%| O|  |TAMS 0x0000000089cd9200, 0x0000000089c00000| Untracked 
|  89|0x0000000089d00000, 0x0000000089e00000, 0x0000000089e00000|100%| O|  |TAMS 0x0000000089d00000, 0x0000000089d00000| Untracked 
|  90|0x0000000089e00000, 0x0000000089f00000, 0x0000000089f00000|100%| O|  |TAMS 0x0000000089e00000, 0x0000000089e00000| Untracked 
|  91|0x0000000089f00000, 0x000000008a000000, 0x000000008a000000|100%| O|  |TAMS 0x0000000089f00000, 0x0000000089f00000| Untracked 
|  92|0x000000008a000000, 0x000000008a100000, 0x000000008a100000|100%| O|  |TAMS 0x000000008a000000, 0x000000008a000000| Untracked 
|  93|0x000000008a100000, 0x000000008a200000, 0x000000008a200000|100%| O|  |TAMS 0x000000008a100000, 0x000000008a100000| Untracked 
|  94|0x000000008a200000, 0x000000008a2f8400, 0x000000008a300000| 96%| O|  |TAMS 0x000000008a200000, 0x000000008a200000| Untracked 
|  95|0x000000008a300000, 0x000000008a300000, 0x000000008a400000|  0%| F|  |TAMS 0x000000008a300000, 0x000000008a300000| Untracked 
|  96|0x000000008a400000, 0x000000008a400000, 0x000000008a500000|  0%| F|  |TAMS 0x000000008a400000, 0x000000008a400000| Untracked 
|  97|0x000000008a500000, 0x000000008a500000, 0x000000008a600000|  0%| F|  |TAMS 0x000000008a500000, 0x000000008a500000| Untracked 
|  98|0x000000008a600000, 0x000000008a600000, 0x000000008a700000|  0%| F|  |TAMS 0x000000008a600000, 0x000000008a600000| Untracked 
|  99|0x000000008a700000, 0x000000008a700000, 0x000000008a800000|  0%| F|  |TAMS 0x000000008a700000, 0x000000008a700000| Untracked 
| 100|0x000000008a800000, 0x000000008a800000, 0x000000008a900000|  0%| F|  |TAMS 0x000000008a800000, 0x000000008a800000| Untracked 
| 101|0x000000008a900000, 0x000000008a900000, 0x000000008aa00000|  0%| F|  |TAMS 0x000000008a900000, 0x000000008a900000| Untracked 
| 102|0x000000008aa00000, 0x000000008aa00000, 0x000000008ab00000|  0%| F|  |TAMS 0x000000008aa00000, 0x000000008aa00000| Untracked 
| 103|0x000000008ab00000, 0x000000008ab00000, 0x000000008ac00000|  0%| F|  |TAMS 0x000000008ab00000, 0x000000008ab00000| Untracked 
| 104|0x000000008ac00000, 0x000000008ac00000, 0x000000008ad00000|  0%| F|  |TAMS 0x000000008ac00000, 0x000000008ac00000| Untracked 
| 105|0x000000008ad00000, 0x000000008ad00000, 0x000000008ae00000|  0%| F|  |TAMS 0x000000008ad00000, 0x000000008ad00000| Untracked 
| 106|0x000000008ae00000, 0x000000008ae00000, 0x000000008af00000|  0%| F|  |TAMS 0x000000008ae00000, 0x000000008ae00000| Untracked 
| 107|0x000000008af00000, 0x000000008af00000, 0x000000008b000000|  0%| F|  |TAMS 0x000000008af00000, 0x000000008af00000| Untracked 
| 108|0x000000008b000000, 0x000000008b000000, 0x000000008b100000|  0%| F|  |TAMS 0x000000008b000000, 0x000000008b000000| Untracked 
| 109|0x000000008b100000, 0x000000008b100000, 0x000000008b200000|  0%| F|  |TAMS 0x000000008b100000, 0x000000008b100000| Untracked 
| 110|0x000000008b200000, 0x000000008b200000, 0x000000008b300000|  0%| F|  |TAMS 0x000000008b200000, 0x000000008b200000| Untracked 
| 111|0x000000008b300000, 0x000000008b300000, 0x000000008b400000|  0%| F|  |TAMS 0x000000008b300000, 0x000000008b300000| Untracked 
| 112|0x000000008b400000, 0x000000008b400000, 0x000000008b500000|  0%| F|  |TAMS 0x000000008b400000, 0x000000008b400000| Untracked 
| 113|0x000000008b500000, 0x000000008b500000, 0x000000008b600000|  0%| F|  |TAMS 0x000000008b500000, 0x000000008b500000| Untracked 
| 114|0x000000008b600000, 0x000000008b600000, 0x000000008b700000|  0%| F|  |TAMS 0x000000008b600000, 0x000000008b600000| Untracked 
| 115|0x000000008b700000, 0x000000008b700000, 0x000000008b800000|  0%| F|  |TAMS 0x000000008b700000, 0x000000008b700000| Untracked 
| 116|0x000000008b800000, 0x000000008b800000, 0x000000008b900000|  0%| F|  |TAMS 0x000000008b800000, 0x000000008b800000| Untracked 
| 117|0x000000008b900000, 0x000000008b900000, 0x000000008ba00000|  0%| F|  |TAMS 0x000000008b900000, 0x000000008b900000| Untracked 
| 118|0x000000008ba00000, 0x000000008ba00000, 0x000000008bb00000|  0%| F|  |TAMS 0x000000008ba00000, 0x000000008ba00000| Untracked 
| 119|0x000000008bb00000, 0x000000008bb00000, 0x000000008bc00000|  0%| F|  |TAMS 0x000000008bb00000, 0x000000008bb00000| Untracked 
| 120|0x000000008bc00000, 0x000000008bc00000, 0x000000008bd00000|  0%| F|  |TAMS 0x000000008bc00000, 0x000000008bc00000| Untracked 
| 121|0x000000008bd00000, 0x000000008bd00000, 0x000000008be00000|  0%| F|  |TAMS 0x000000008bd00000, 0x000000008bd00000| Untracked 
| 122|0x000000008be00000, 0x000000008be00000, 0x000000008bf00000|  0%| F|  |TAMS 0x000000008be00000, 0x000000008be00000| Untracked 
| 123|0x000000008bf00000, 0x000000008bf00000, 0x000000008c000000|  0%| F|  |TAMS 0x000000008bf00000, 0x000000008bf00000| Untracked 
| 124|0x000000008c000000, 0x000000008c000000, 0x000000008c100000|  0%| F|  |TAMS 0x000000008c000000, 0x000000008c000000| Untracked 
| 125|0x000000008c100000, 0x000000008c100000, 0x000000008c200000|  0%| F|  |TAMS 0x000000008c100000, 0x000000008c100000| Untracked 
| 126|0x000000008c200000, 0x000000008c200000, 0x000000008c300000|  0%| F|  |TAMS 0x000000008c200000, 0x000000008c200000| Untracked 
| 127|0x000000008c300000, 0x000000008c300000, 0x000000008c400000|  0%| F|  |TAMS 0x000000008c300000, 0x000000008c300000| Untracked 
| 128|0x000000008c400000, 0x000000008c400000, 0x000000008c500000|  0%| F|  |TAMS 0x000000008c400000, 0x000000008c400000| Untracked 
| 129|0x000000008c500000, 0x000000008c500000, 0x000000008c600000|  0%| F|  |TAMS 0x000000008c500000, 0x000000008c500000| Untracked 
| 130|0x000000008c600000, 0x000000008c600000, 0x000000008c700000|  0%| F|  |TAMS 0x000000008c600000, 0x000000008c600000| Untracked 
| 131|0x000000008c700000, 0x000000008c700000, 0x000000008c800000|  0%| F|  |TAMS 0x000000008c700000, 0x000000008c700000| Untracked 
| 132|0x000000008c800000, 0x000000008c800000, 0x000000008c900000|  0%| F|  |TAMS 0x000000008c800000, 0x000000008c800000| Untracked 
| 133|0x000000008c900000, 0x000000008c900000, 0x000000008ca00000|  0%| F|  |TAMS 0x000000008c900000, 0x000000008c900000| Untracked 
| 134|0x000000008ca00000, 0x000000008ca00000, 0x000000008cb00000|  0%| F|  |TAMS 0x000000008ca00000, 0x000000008ca00000| Untracked 
| 135|0x000000008cb00000, 0x000000008cb00000, 0x000000008cc00000|  0%| F|  |TAMS 0x000000008cb00000, 0x000000008cb00000| Untracked 
| 136|0x000000008cc00000, 0x000000008cc00000, 0x000000008cd00000|  0%| F|  |TAMS 0x000000008cc00000, 0x000000008cc00000| Untracked 
| 137|0x000000008cd00000, 0x000000008cd00000, 0x000000008ce00000|  0%| F|  |TAMS 0x000000008cd00000, 0x000000008cd00000| Untracked 
| 138|0x000000008ce00000, 0x000000008ce00000, 0x000000008cf00000|  0%| F|  |TAMS 0x000000008ce00000, 0x000000008ce00000| Untracked 
| 139|0x000000008cf00000, 0x000000008cf00000, 0x000000008d000000|  0%| F|  |TAMS 0x000000008cf00000, 0x000000008cf00000| Untracked 
| 140|0x000000008d000000, 0x000000008d000000, 0x000000008d100000|  0%| F|  |TAMS 0x000000008d000000, 0x000000008d000000| Untracked 
| 141|0x000000008d100000, 0x000000008d100000, 0x000000008d200000|  0%| F|  |TAMS 0x000000008d100000, 0x000000008d100000| Untracked 
| 142|0x000000008d200000, 0x000000008d200000, 0x000000008d300000|  0%| F|  |TAMS 0x000000008d200000, 0x000000008d200000| Untracked 
| 143|0x000000008d300000, 0x000000008d300000, 0x000000008d400000|  0%| F|  |TAMS 0x000000008d300000, 0x000000008d300000| Untracked 
| 144|0x000000008d400000, 0x000000008d400000, 0x000000008d500000|  0%| F|  |TAMS 0x000000008d400000, 0x000000008d400000| Untracked 
| 145|0x000000008d500000, 0x000000008d500000, 0x000000008d600000|  0%| F|  |TAMS 0x000000008d500000, 0x000000008d500000| Untracked 
| 146|0x000000008d600000, 0x000000008d600000, 0x000000008d700000|  0%| F|  |TAMS 0x000000008d600000, 0x000000008d600000| Untracked 
| 147|0x000000008d700000, 0x000000008d700000, 0x000000008d800000|  0%| F|  |TAMS 0x000000008d700000, 0x000000008d700000| Untracked 
| 148|0x000000008d800000, 0x000000008d800000, 0x000000008d900000|  0%| F|  |TAMS 0x000000008d800000, 0x000000008d800000| Untracked 
| 149|0x000000008d900000, 0x000000008d900000, 0x000000008da00000|  0%| F|  |TAMS 0x000000008d900000, 0x000000008d900000| Untracked 
| 150|0x000000008da00000, 0x000000008da00000, 0x000000008db00000|  0%| F|  |TAMS 0x000000008da00000, 0x000000008da00000| Untracked 
| 151|0x000000008db00000, 0x000000008db00000, 0x000000008dc00000|  0%| F|  |TAMS 0x000000008db00000, 0x000000008db00000| Untracked 
| 152|0x000000008dc00000, 0x000000008dc00000, 0x000000008dd00000|  0%| F|  |TAMS 0x000000008dc00000, 0x000000008dc00000| Untracked 
| 153|0x000000008dd00000, 0x000000008dd00000, 0x000000008de00000|  0%| F|  |TAMS 0x000000008dd00000, 0x000000008dd00000| Untracked 
| 154|0x000000008de00000, 0x000000008de00000, 0x000000008df00000|  0%| F|  |TAMS 0x000000008de00000, 0x000000008de00000| Untracked 
| 155|0x000000008df00000, 0x000000008df00000, 0x000000008e000000|  0%| F|  |TAMS 0x000000008df00000, 0x000000008df00000| Untracked 
| 156|0x000000008e000000, 0x000000008e000000, 0x000000008e100000|  0%| F|  |TAMS 0x000000008e000000, 0x000000008e000000| Untracked 
| 157|0x000000008e100000, 0x000000008e1d75a0, 0x000000008e200000| 84%| S|CS|TAMS 0x000000008e100000, 0x000000008e100000| Complete 
| 158|0x000000008e200000, 0x000000008e200000, 0x000000008e300000|  0%| F|  |TAMS 0x000000008e200000, 0x000000008e200000| Untracked 
| 159|0x000000008e300000, 0x000000008e300000, 0x000000008e400000|  0%| F|  |TAMS 0x000000008e300000, 0x000000008e300000| Untracked 
| 160|0x000000008e400000, 0x000000008e400000, 0x000000008e500000|  0%| F|  |TAMS 0x000000008e400000, 0x000000008e400000| Untracked 
| 161|0x000000008e500000, 0x000000008e500000, 0x000000008e600000|  0%| F|  |TAMS 0x000000008e500000, 0x000000008e500000| Untracked 

Card table byte_map: [0x00000256f3700000,0x00000256f3ae0000] _byte_map_base: 0x00000256f32de000

Marking Bits (Prev, Next): (CMBitMap*) 0x00000256e0b68d50, (CMBitMap*) 0x00000256e0b68d10
 Prev Bits: [0x00000256f5db0000, 0x00000256f7ca0000)
 Next Bits: [0x00000256f3ec0000, 0x00000256f5db0000)

Polling page: 0x00000256deaa0000

Metaspace:

Usage:
  Non-class:     62.53 MB used.
      Class:      7.79 MB used.
       Both:     70.32 MB used.

Virtual space:
  Non-class space:       64.00 MB reserved,      62.69 MB ( 98%) committed,  1 nodes.
      Class space:        1.00 GB reserved,       7.94 MB ( <1%) committed,  1 nodes.
             Both:        1.06 GB reserved,      70.62 MB (  6%) committed. 

Chunk freelists:
   Non-Class:  1.25 MB
       Class:  8.05 MB
        Both:  9.30 MB

MaxMetaspaceSize: unlimited
CompressedClassSpaceSize: 1.00 GB
Initial GC threshold: 21.00 MB
Current GC threshold: 113.56 MB
CDS: off
MetaspaceReclaimPolicy: balanced
 - commit_granule_bytes: 65536.
 - commit_granule_words: 8192.
 - virtual_space_node_default_size: 8388608.
 - enlarge_chunks_in_place: 1.
 - new_chunks_are_fully_committed: 0.
 - uncommit_free_chunks: 1.
 - use_allocation_guard: 0.
 - handle_deallocations: 1.


Internal statistics:

num_allocs_failed_limit: 3.
num_arena_births: 334.
num_arena_deaths: 0.
num_vsnodes_births: 2.
num_vsnodes_deaths: 0.
num_space_committed: 1129.
num_space_uncommitted: 0.
num_chunks_returned_to_freelist: 3.
num_chunks_taken_from_freelist: 2642.
num_chunk_merges: 3.
num_chunk_splits: 2131.
num_chunks_enlarged: 1895.
num_inconsistent_stats: 0.

CodeHeap 'non-profiled nmethods': size=120000Kb used=3875Kb max_used=3875Kb free=116124Kb
 bounds [0x00000256ebac0000, 0x00000256ebe90000, 0x00000256f2ff0000]
CodeHeap 'profiled nmethods': size=120000Kb used=25804Kb max_used=25804Kb free=94195Kb
 bounds [0x00000256e3ff0000, 0x00000256e5930000, 0x00000256eb520000]
CodeHeap 'non-nmethods': size=5760Kb used=1429Kb max_used=1471Kb free=4330Kb
 bounds [0x00000256eb520000, 0x00000256eb790000, 0x00000256ebac0000]
 total_blobs=9568 nmethods=8814 adapters=663
 compilation: enabled
              stopped_count=0, restarted_count=0
 full_count=0

Compilation events (20 events):
Event: 32.450 Thread 0x00000256fa883710 nmethod 9663 0x00000256e590be90 code [0x00000256e590c0a0, 0x00000256e590c708]
Event: 32.450 Thread 0x00000256fa883710 9664       3       org.jetbrains.kotlin.ir.visitors.IrElementTransformerVoid::visitSimpleFunction (16 bytes)
Event: 32.451 Thread 0x00000256fa883710 nmethod 9664 0x00000256e590c990 code [0x00000256e590cba0, 0x00000256e590d208]
Event: 32.458 Thread 0x00000256fa882d10 nmethod 9660 0x00000256ebe87410 code [0x00000256ebe875c0, 0x00000256ebe87f78]
Event: 32.458 Thread 0x00000256fa882d10 9657       4       org.jetbrains.kotlin.fir.java.deserialization.JvmBinaryAnnotationDeserializerKt$loadMemberAnnotations$1$MemberAnnotationVisitor::visitAnnotation (31 bytes)
Event: 32.466 Thread 0x00000256fa882d10 nmethod 9657 0x00000256ebe88390 code [0x00000256ebe88540, 0x00000256ebe888a8]
Event: 32.466 Thread 0x00000256fa882d10 9635       4       java.lang.ClassLoader::getDefinedPackage (36 bytes)
Event: 32.467 Thread 0x00000256fa883710 9666       3       org.jetbrains.kotlin.fir.backend.utils.SymbolConversionUtilsKt::extractDeclarationSiteSymbol (289 bytes)
Event: 32.473 Thread 0x00000256fa883710 nmethod 9666 0x00000256e590d490 code [0x00000256e590dbe0, 0x00000256e5911c48]
Event: 32.473 Thread 0x00000256fa883710 9667       1       org.jetbrains.kotlin.fir.declarations.impl.FirEnumEntryImpl::getOrigin (5 bytes)
Event: 32.473 Thread 0x00000256fa883710 nmethod 9667 0x00000256ebe88c10 code [0x00000256ebe88da0, 0x00000256ebe88e78]
Event: 32.473 Thread 0x00000256fa883710 9670       3       org.jetbrains.kotlin.fir.backend.utils.SymbolConversionUtilsKt::toIrSymbol (921 bytes)
Event: 32.488 Thread 0x00000256fa883710 nmethod 9670 0x00000256e5913010 code [0x00000256e5914100, 0x00000256e591f158]
Event: 32.489 Thread 0x00000256fa883710 9683       3       org.jetbrains.kotlin.ir.visitors.IrElementTransformerVoid::visitCall (10 bytes)
Event: 32.489 Thread 0x00000256fa883710 nmethod 9683 0x00000256e5922310 code [0x00000256e5922540, 0x00000256e5922d08]
Event: 32.489 Thread 0x00000256fa883710 9684       3       org.jetbrains.kotlin.ir.visitors.IrElementTransformerVoid::visitCall (16 bytes)
Event: 32.490 Thread 0x00000256fa883710 nmethod 9684 0x00000256e5922f90 code [0x00000256e59231a0, 0x00000256e5923808]
Event: 32.490 Thread 0x00000256fa883710 9668       3       org.jetbrains.kotlin.fir.backend.generators.CallAndReferenceGenerator::applyTypeArguments$fir2ir (49 bytes)
Event: 32.491 Thread 0x00000256fa883710 nmethod 9668 0x00000256e5923a90 code [0x00000256e5923d80, 0x00000256e5924ba8]
Event: 32.491 Thread 0x00000256fa883710 9669       3       org.jetbrains.kotlin.fir.backend.generators.CallAndReferenceGenerator::applyReceivers (563 bytes)

GC Heap History (20 events):
Event: 21.433 GC heap after
{Heap after GC invocations=29 (full 0):
 garbage-first heap   total 110592K, used 60416K [0x0000000084400000, 0x0000000100000000)
  region size 1024K, 4 young (4096K), 4 survivors (4096K)
 Metaspace       used 57165K, committed 57472K, reserved 1114112K
  class space    used 6678K, committed 6784K, reserved 1048576K
}
Event: 22.454 GC heap before
{Heap before GC invocations=30 (full 0):
 garbage-first heap   total 110592K, used 84992K [0x0000000084400000, 0x0000000100000000)
  region size 1024K, 28 young (28672K), 4 survivors (4096K)
 Metaspace       used 57491K, committed 57856K, reserved 1114112K
  class space    used 6691K, committed 6848K, reserved 1048576K
}
Event: 22.491 GC heap after
{Heap after GC invocations=31 (full 0):
 garbage-first heap   total 110592K, used 66560K [0x0000000084400000, 0x0000000100000000)
  region size 1024K, 4 young (4096K), 4 survivors (4096K)
 Metaspace       used 57491K, committed 57856K, reserved 1114112K
  class space    used 6691K, committed 6848K, reserved 1048576K
}
Event: 23.752 GC heap before
{Heap before GC invocations=31 (full 0):
 garbage-first heap   total 110592K, used 86016K [0x0000000084400000, 0x0000000100000000)
  region size 1024K, 24 young (24576K), 4 survivors (4096K)
 Metaspace       used 60101K, committed 60352K, reserved 1114112K
  class space    used 6950K, committed 7040K, reserved 1048576K
}
Event: 23.797 GC heap after
{Heap after GC invocations=32 (full 0):
 garbage-first heap   total 110592K, used 69947K [0x0000000084400000, 0x0000000100000000)
  region size 1024K, 3 young (3072K), 3 survivors (3072K)
 Metaspace       used 60101K, committed 60352K, reserved 1114112K
  class space    used 6950K, committed 7040K, reserved 1048576K
}
Event: 24.808 GC heap before
{Heap before GC invocations=33 (full 0):
 garbage-first heap   total 117760K, used 86331K [0x0000000084400000, 0x0000000100000000)
  region size 1024K, 20 young (20480K), 3 survivors (3072K)
 Metaspace       used 61010K, committed 61312K, reserved 1114112K
  class space    used 7034K, committed 7168K, reserved 1048576K
}
Event: 24.835 GC heap after
{Heap after GC invocations=34 (full 0):
 garbage-first heap   total 117760K, used 71101K [0x0000000084400000, 0x0000000100000000)
  region size 1024K, 2 young (2048K), 2 survivors (2048K)
 Metaspace       used 61010K, committed 61312K, reserved 1114112K
  class space    used 7034K, committed 7168K, reserved 1048576K
}
Event: 25.108 GC heap before
{Heap before GC invocations=34 (full 0):
 garbage-first heap   total 117760K, used 74173K [0x0000000084400000, 0x0000000100000000)
  region size 1024K, 5 young (5120K), 2 survivors (2048K)
 Metaspace       used 61116K, committed 61440K, reserved 1114112K
  class space    used 7035K, committed 7168K, reserved 1048576K
}
Event: 25.126 GC heap after
{Heap after GC invocations=35 (full 0):
 garbage-first heap   total 149504K, used 71274K [0x0000000084400000, 0x0000000100000000)
  region size 1024K, 1 young (1024K), 1 survivors (1024K)
 Metaspace       used 61116K, committed 61440K, reserved 1114112K
  class space    used 7035K, committed 7168K, reserved 1048576K
}
Event: 27.095 GC heap before
{Heap before GC invocations=35 (full 0):
 garbage-first heap   total 149504K, used 114282K [0x0000000084400000, 0x0000000100000000)
  region size 1024K, 43 young (44032K), 1 survivors (1024K)
 Metaspace       used 62013K, committed 62336K, reserved 1114112K
  class space    used 7095K, committed 7232K, reserved 1048576K
}
Event: 27.133 GC heap after
{Heap after GC invocations=36 (full 0):
 garbage-first heap   total 149504K, used 83102K [0x0000000084400000, 0x0000000100000000)
  region size 1024K, 6 young (6144K), 6 survivors (6144K)
 Metaspace       used 62013K, committed 62336K, reserved 1114112K
  class space    used 7095K, committed 7232K, reserved 1048576K
}
Event: 28.851 GC heap before
{Heap before GC invocations=37 (full 0):
 garbage-first heap   total 149504K, used 114846K [0x0000000084400000, 0x0000000100000000)
  region size 1024K, 37 young (37888K), 6 survivors (6144K)
 Metaspace       used 64337K, committed 64640K, reserved 1114112K
  class space    used 7309K, committed 7424K, reserved 1048576K
}
Event: 28.891 GC heap after
{Heap after GC invocations=38 (full 0):
 garbage-first heap   total 149504K, used 89421K [0x0000000084400000, 0x0000000100000000)
  region size 1024K, 5 young (5120K), 5 survivors (5120K)
 Metaspace       used 64337K, committed 64640K, reserved 1114112K
  class space    used 7309K, committed 7424K, reserved 1048576K
}
Event: 28.987 GC heap before
{Heap before GC invocations=38 (full 0):
 garbage-first heap   total 149504K, used 90445K [0x0000000084400000, 0x0000000100000000)
  region size 1024K, 7 young (7168K), 5 survivors (5120K)
 Metaspace       used 64825K, committed 65152K, reserved 1114112K
  class space    used 7352K, committed 7488K, reserved 1048576K
}
Event: 29.014 GC heap after
{Heap after GC invocations=39 (full 0):
 garbage-first heap   total 149504K, used 89940K [0x0000000084400000, 0x0000000100000000)
  region size 1024K, 1 young (1024K), 1 survivors (1024K)
 Metaspace       used 64825K, committed 65152K, reserved 1114112K
  class space    used 7352K, committed 7488K, reserved 1048576K
}
Event: 30.622 GC heap before
{Heap before GC invocations=39 (full 0):
 garbage-first heap   total 149504K, used 117588K [0x0000000084400000, 0x0000000100000000)
  region size 1024K, 29 young (29696K), 1 survivors (1024K)
 Metaspace       used 69387K, committed 69760K, reserved 1114112K
  class space    used 7793K, committed 7936K, reserved 1048576K
}
Event: 30.639 GC heap after
{Heap after GC invocations=40 (full 0):
 garbage-first heap   total 149504K, used 92796K [0x0000000084400000, 0x0000000100000000)
  region size 1024K, 4 young (4096K), 4 survivors (4096K)
 Metaspace       used 69387K, committed 69760K, reserved 1114112K
  class space    used 7793K, committed 7936K, reserved 1048576K
}
Event: 32.284 GC heap before
{Heap before GC invocations=41 (full 0):
 garbage-first heap   total 165888K, used 119420K [0x0000000084400000, 0x0000000100000000)
  region size 1024K, 30 young (30720K), 4 survivors (4096K)
 Metaspace       used 71380K, committed 71744K, reserved 1114112K
  class space    used 7918K, committed 8064K, reserved 1048576K
}
Event: 32.316 GC heap after
{Heap after GC invocations=42 (full 0):
 garbage-first heap   total 165888K, used 96067K [0x0000000084400000, 0x0000000100000000)
  region size 1024K, 4 young (4096K), 4 survivors (4096K)
 Metaspace       used 71380K, committed 71744K, reserved 1114112K
  class space    used 7918K, committed 8064K, reserved 1048576K
}
Event: 32.497 GC heap before
{Heap before GC invocations=42 (full 0):
 garbage-first heap   total 165888K, used 99139K [0x0000000084400000, 0x0000000100000000)
  region size 1024K, 8 young (8192K), 4 survivors (4096K)
 Metaspace       used 72004K, committed 72320K, reserved 1114112K
  class space    used 7973K, committed 8128K, reserved 1048576K
}

Dll operation events (2 events):
Event: 0.023 Loaded shared library C:\Program Files\Android\Android Studio\jbr\bin\java.dll
Event: 5.306 Loaded shared library C:\Program Files\Android\Android Studio\jbr\bin\verify.dll

Deoptimization events (20 events):
Event: 30.152 Thread 0x00000256e0b0db30 DEOPT PACKING pc=0x00000256ebe1da2c sp=0x0000006e1aefd700
Event: 30.152 Thread 0x00000256e0b0db30 DEOPT UNPACKING pc=0x00000256eb57a1a3 sp=0x0000006e1aefd6a8 mode 2
Event: 32.113 Thread 0x00000256e0b0db30 Uncommon trap: trap_request=0xffffffde fr.pc=0x00000256ebb7f340 relative=0x0000000000001280
Event: 32.113 Thread 0x00000256e0b0db30 Uncommon trap: reason=class_check action=maybe_recompile pc=0x00000256ebb7f340 method=java.util.concurrent.ConcurrentHashMap.putVal(Ljava/lang/Object;Ljava/lang/Object;Z)Ljava/lang/Object; @ 242 c2
Event: 32.113 Thread 0x00000256e0b0db30 DEOPT PACKING pc=0x00000256ebb7f340 sp=0x0000006e1aefd5a0
Event: 32.113 Thread 0x00000256e0b0db30 DEOPT UNPACKING pc=0x00000256eb57a1a3 sp=0x0000006e1aefd510 mode 2
Event: 32.113 Thread 0x00000256e0b0db30 Uncommon trap: trap_request=0xffffffde fr.pc=0x00000256ebb7f340 relative=0x0000000000001280
Event: 32.113 Thread 0x00000256e0b0db30 Uncommon trap: reason=class_check action=maybe_recompile pc=0x00000256ebb7f340 method=java.util.concurrent.ConcurrentHashMap.putVal(Ljava/lang/Object;Ljava/lang/Object;Z)Ljava/lang/Object; @ 242 c2
Event: 32.113 Thread 0x00000256e0b0db30 DEOPT PACKING pc=0x00000256ebb7f340 sp=0x0000006e1aefd5a0
Event: 32.113 Thread 0x00000256e0b0db30 DEOPT UNPACKING pc=0x00000256eb57a1a3 sp=0x0000006e1aefd510 mode 2
Event: 32.113 Thread 0x00000256e0b0db30 Uncommon trap: trap_request=0xffffffde fr.pc=0x00000256ebb7f340 relative=0x0000000000001280
Event: 32.113 Thread 0x00000256e0b0db30 Uncommon trap: reason=class_check action=maybe_recompile pc=0x00000256ebb7f340 method=java.util.concurrent.ConcurrentHashMap.putVal(Ljava/lang/Object;Ljava/lang/Object;Z)Ljava/lang/Object; @ 242 c2
Event: 32.113 Thread 0x00000256e0b0db30 DEOPT PACKING pc=0x00000256ebb7f340 sp=0x0000006e1aefd420
Event: 32.113 Thread 0x00000256e0b0db30 DEOPT UNPACKING pc=0x00000256eb57a1a3 sp=0x0000006e1aefd390 mode 2
Event: 32.114 Thread 0x00000256e0b0db30 Uncommon trap: trap_request=0xffffffde fr.pc=0x00000256ebb7f340 relative=0x0000000000001280
Event: 32.114 Thread 0x00000256e0b0db30 Uncommon trap: reason=class_check action=maybe_recompile pc=0x00000256ebb7f340 method=java.util.concurrent.ConcurrentHashMap.putVal(Ljava/lang/Object;Ljava/lang/Object;Z)Ljava/lang/Object; @ 242 c2
Event: 32.114 Thread 0x00000256e0b0db30 DEOPT PACKING pc=0x00000256ebb7f340 sp=0x0000006e1aefd5a0
Event: 32.114 Thread 0x00000256e0b0db30 DEOPT UNPACKING pc=0x00000256eb57a1a3 sp=0x0000006e1aefd510 mode 2
Event: 32.137 Thread 0x00000256e0b0db30 DEOPT PACKING pc=0x00000256e539ca19 sp=0x0000006e1aefd410
Event: 32.137 Thread 0x00000256e0b0db30 DEOPT UNPACKING pc=0x00000256eb57ace3 sp=0x0000006e1aefc930 mode 0

Classes unloaded (0 events):
No events

Classes redefined (0 events):
No events

Internal exceptions (20 events):
Event: 19.866 Thread 0x00000256e0b0db30 Exception <a 'java/lang/NoSuchMethodError'{0x000000008966e878}: 'java.lang.Object java.lang.invoke.Invokers$Holder.linkToTargetMethod(java.lang.Object, java.lang.Object, java.lang.Object, java.lang.Object, int, java.lang.Object)'> (0x000000008966e878) 
thrown [s\src\hotspot\share\interpreter\linkResolver.cpp, line 771]
Event: 20.814 Thread 0x00000256e0b0db30 Exception <a 'java/lang/NoSuchMethodError'{0x000000008a4eff40}: 'java.lang.Object java.lang.invoke.DirectMethodHandle$Holder.invokeStatic(java.lang.Object, int, java.lang.Object)'> (0x000000008a4eff40) 
thrown [s\src\hotspot\share\interpreter\linkResolver.cpp, line 771]
Event: 22.825 Thread 0x00000256e0b0db30 Exception <a 'java/lang/NoSuchMethodError'{0x000000008abd4008}: 'java.lang.Object java.lang.invoke.DirectMethodHandle$Holder.newInvokeSpecial(java.lang.Object, int, java.lang.Object, java.lang.Object, java.lang.Object)'> (0x000000008abd4008) 
thrown [s\src\hotspot\share\interpreter\linkResolver.cpp, line 771]
Event: 22.826 Thread 0x00000256e0b0db30 Exception <a 'java/lang/NoSuchMethodError'{0x000000008abdc628}: 'java.lang.Object java.lang.invoke.Invokers$Holder.linkToTargetMethod(int, java.lang.Object, java.lang.Object, java.lang.Object, java.lang.Object)'> (0x000000008abdc628) 
thrown [s\src\hotspot\share\interpreter\linkResolver.cpp, line 771]
Event: 24.032 Thread 0x00000256e0b0db30 Implicit null exception at 0x00000256ebd012d5 to 0x00000256ebd01454
Event: 24.745 Thread 0x00000256e0b0db30 Implicit null exception at 0x00000256ebb347b1 to 0x00000256ebb34d39
Event: 26.061 Thread 0x00000256e0b0db30 Exception <a 'java/lang/NoSuchMethodError'{0x000000008bd10fe0}: 'java.lang.Object java.lang.invoke.DirectMethodHandle$Holder.newInvokeSpecial(java.lang.Object, java.lang.Object, int, java.lang.Object, java.lang.Object, java.lang.Object)'> (0x000000008bd10fe0) 
thrown [s\src\hotspot\share\interpreter\linkResolver.cpp, line 771]
Event: 26.062 Thread 0x00000256e0b0db30 Exception <a 'java/lang/NoSuchMethodError'{0x000000008bd15350}: 'java.lang.Object java.lang.invoke.DirectMethodHandle$Holder.invokeSpecial(java.lang.Object, java.lang.Object, java.lang.Object, int, java.lang.Object, java.lang.Object, java.lang.Object)'> (0x000000008bd15350) 
thrown [s\src\hotspot\share\interpreter\linkResolver.cpp, line 771]
Event: 26.063 Thread 0x00000256e0b0db30 Exception <a 'java/lang/NoSuchMethodError'{0x000000008bd18c30}: 'java.lang.Object java.lang.invoke.Invokers$Holder.linkToTargetMethod(java.lang.Object, int, java.lang.Object, java.lang.Object, java.lang.Object, java.lang.Object)'> (0x000000008bd18c30) 
thrown [s\src\hotspot\share\interpreter\linkResolver.cpp, line 771]
Event: 28.603 Thread 0x00000256e0b0db30 Exception <a 'java/lang/NoSuchMethodError'{0x000000008bc2ce58}: 'int java.lang.invoke.DirectMethodHandle$Holder.invokeVirtual(java.lang.Object, java.lang.Object, java.lang.Object, int)'> (0x000000008bc2ce58) 
thrown [s\src\hotspot\share\interpreter\linkResolver.cpp, line 771]
Event: 28.622 Thread 0x00000256e0b0db30 Exception <a 'java/lang/NoSuchMethodError'{0x000000008bc38ed0}: 'java.lang.Object java.lang.invoke.Invokers$Holder.invokeExact_MT(java.lang.Object, java.lang.Object, java.lang.Object, java.lang.Object, java.lang.Object, java.lang.Object)'> (0x000000008bc38ed0) 
thrown [s\src\hotspot\share\interpreter\linkResolver.cpp, line 771]
Event: 28.763 Thread 0x00000256e0b0db30 Implicit null exception at 0x00000256ebae93f2 to 0x00000256ebae9a30
Event: 28.767 Thread 0x00000256e0b0db30 Implicit null exception at 0x00000256ebae3472 to 0x00000256ebae3ac8
Event: 28.850 Thread 0x00000256e0b0db30 Exception <a 'java/lang/NoSuchMethodError'{0x000000008b7ee2c0}: 'java.lang.Object java.lang.invoke.DirectMethodHandle$Holder.invokeStatic(java.lang.Object, java.lang.Object, int)'> (0x000000008b7ee2c0) 
thrown [s\src\hotspot\share\interpreter\linkResolver.cpp, line 771]
Event: 29.527 Thread 0x00000256e0b0db30 Exception <a 'java/lang/NoSuchMethodError'{0x000000008ca16bb0}: 'java.lang.Object java.lang.invoke.DirectMethodHandle$Holder.newInvokeSpecial(java.lang.Object, java.lang.Object, java.lang.Object, java.lang.Object, java.lang.Object, java.lang.Object, java.lang.Object, int)'> (0x000000008ca16bb0) 
thrown [s\src\hotspot\share\interpreter\linkResolver.cpp, line 771]
Event: 29.528 Thread 0x00000256e0b0db30 Exception <a 'java/lang/NoSuchMethodError'{0x000000008ca1bcb8}: 'java.lang.Object java.lang.invoke.DirectMethodHandle$Holder.invokeSpecial(java.lang.Object, java.lang.Object, java.lang.Object, java.lang.Object, java.lang.Object, java.lang.Object, java.lang.Object, java.lang.Object, int)'> (0x000000008ca1bcb8) 
thrown [s\src\hotspot\share\interpreter\linkResolver.cpp, line 771]
Event: 29.600 Thread 0x00000256e0b0db30 Exception <a 'java/lang/NoSuchMethodError'{0x000000008caf32d8}: 'java.lang.Object java.lang.invoke.DirectMethodHandle$Holder.invokeStatic(java.lang.Object, java.lang.Object, int, int)'> (0x000000008caf32d8) 
thrown [s\src\hotspot\share\interpreter\linkResolver.cpp, line 771]
Event: 29.601 Thread 0x00000256e0b0db30 Exception <a 'java/lang/NoSuchMethodError'{0x000000008cafab40}: 'java.lang.Object java.lang.invoke.DirectMethodHandle$Holder.newInvokeSpecial(java.lang.Object, java.lang.Object, int, int)'> (0x000000008cafab40) 
thrown [s\src\hotspot\share\interpreter\linkResolver.cpp, line 771]
Event: 29.601 Thread 0x00000256e0b0db30 Exception <a 'java/lang/NoSuchMethodError'{0x000000008caff058}: 'java.lang.Object java.lang.invoke.DirectMethodHandle$Holder.invokeSpecial(java.lang.Object, java.lang.Object, java.lang.Object, int, int)'> (0x000000008caff058) 
thrown [s\src\hotspot\share\interpreter\linkResolver.cpp, line 771]
Event: 29.602 Thread 0x00000256e0b0db30 Exception <a 'java/lang/NoSuchMethodError'{0x000000008c903390}: 'java.lang.Object java.lang.invoke.Invokers$Holder.linkToTargetMethod(java.lang.Object, int, int, java.lang.Object)'> (0x000000008c903390) 
thrown [s\src\hotspot\share\interpreter\linkResolver.cpp, line 771]

VM Operations (20 events):
Event: 30.609 Executing VM operation: ICBufferFull done
Event: 30.621 Executing VM operation: G1CollectForAllocation
Event: 30.641 Executing VM operation: G1CollectForAllocation done
Event: 30.872 Executing VM operation: G1PauseRemark
Event: 30.891 Executing VM operation: G1PauseRemark done
Event: 31.014 Executing VM operation: G1PauseCleanup
Event: 31.030 Executing VM operation: G1PauseCleanup done
Event: 31.595 Executing VM operation: HandshakeAllThreads
Event: 31.595 Executing VM operation: HandshakeAllThreads done
Event: 31.600 Executing VM operation: ICBufferFull
Event: 31.600 Executing VM operation: ICBufferFull done
Event: 31.793 Executing VM operation: HandshakeAllThreads
Event: 31.793 Executing VM operation: HandshakeAllThreads done
Event: 31.831 Executing VM operation: ICBufferFull
Event: 31.831 Executing VM operation: ICBufferFull done
Event: 32.283 Executing VM operation: G1CollectForAllocation
Event: 32.316 Executing VM operation: G1CollectForAllocation done
Event: 32.406 Executing VM operation: HandshakeAllThreads
Event: 32.406 Executing VM operation: HandshakeAllThreads done
Event: 32.497 Executing VM operation: G1CollectForAllocation

Events (20 events):
Event: 25.714 loading class java/util/ArrayList$SubList$1
Event: 25.715 loading class java/util/ArrayList$SubList$1 done
Event: 28.569 loading class java/util/function/ToIntFunction
Event: 28.570 loading class java/util/function/ToIntFunction done
Event: 28.602 loading class java/util/function/ObjIntConsumer
Event: 28.602 loading class java/util/function/ObjIntConsumer done
Event: 28.607 loading class java/lang/invoke/MethodHandleImpl$AsVarargsCollector
Event: 28.612 loading class java/lang/invoke/MethodHandleImpl$AsVarargsCollector done
Event: 29.245 loading class java/util/regex/Pattern$StartS
Event: 29.246 loading class java/util/regex/Pattern$StartS done
Event: 31.800 Thread 0x00000256fa884110 flushing nmethod 0x00000256e427aa90
Event: 31.801 Thread 0x00000256fa884110 flushing nmethod 0x00000256e43ae090
Event: 31.801 Thread 0x00000256fa884110 flushing nmethod 0x00000256e43c3a10
Event: 31.801 Thread 0x00000256fa884110 flushing nmethod 0x00000256e4439c10
Event: 31.804 Thread 0x00000256fa884110 flushing nmethod 0x00000256e45ffc90
Event: 31.804 Thread 0x00000256fa884110 flushing nmethod 0x00000256e4600090
Event: 31.806 Thread 0x00000256fa884110 flushing nmethod 0x00000256e4800390
Event: 31.807 Thread 0x00000256fa884110 flushing nmethod 0x00000256e4930290
Event: 31.809 Thread 0x00000256fa884110 flushing nmethod 0x00000256e4aef990
Event: 31.816 Thread 0x00000256fa884110 flushing nmethod 0x00000256e5094910


Dynamic libraries:
0x00007ff66cc40000 - 0x00007ff66cc4a000 	C:\Program Files\Android\Android Studio\jbr\bin\java.exe
0x00007ffb5c450000 - 0x00007ffb5c648000 	C:\Windows\SYSTEM32\ntdll.dll
0x00007ffb5ab30000 - 0x00007ffb5abf1000 	C:\Windows\System32\KERNEL32.DLL
0x00007ffb59c20000 - 0x00007ffb59f1d000 	C:\Windows\System32\KERNELBASE.dll
0x00007ffb59fd0000 - 0x00007ffb5a0d0000 	C:\Windows\System32\ucrtbase.dll
0x00007ffb27e40000 - 0x00007ffb27e5b000 	C:\Program Files\Android\Android Studio\jbr\bin\VCRUNTIME140.dll
0x00007ffb3d830000 - 0x00007ffb3d847000 	C:\Program Files\Android\Android Studio\jbr\bin\jli.dll
0x00007ffb5ac10000 - 0x00007ffb5adad000 	C:\Windows\System32\USER32.dll
0x00007ffb5a160000 - 0x00007ffb5a182000 	C:\Windows\System32\win32u.dll
0x00007ffb5a960000 - 0x00007ffb5a98b000 	C:\Windows\System32\GDI32.dll
0x00007ffb58e10000 - 0x00007ffb590aa000 	C:\Windows\WinSxS\amd64_microsoft.windows.common-controls_6595b64144ccf1df_6.0.19041.4355_none_60b8b9eb71f62e16\COMCTL32.dll
0x00007ffb59b00000 - 0x00007ffb59c17000 	C:\Windows\System32\gdi32full.dll
0x00007ffb5a8c0000 - 0x00007ffb5a95e000 	C:\Windows\System32\msvcrt.dll
0x00007ffb5a1c0000 - 0x00007ffb5a25d000 	C:\Windows\System32\msvcp_win.dll
0x00007ffb5a770000 - 0x00007ffb5a79f000 	C:\Windows\System32\IMM32.DLL
0x00007ffb2ba60000 - 0x00007ffb2ba6c000 	C:\Program Files\Android\Android Studio\jbr\bin\vcruntime140_1.dll
0x00007ffaed3b0000 - 0x00007ffaed43d000 	C:\Program Files\Android\Android Studio\jbr\bin\msvcp140.dll
0x00007ffade580000 - 0x00007ffadf203000 	C:\Program Files\Android\Android Studio\jbr\bin\server\jvm.dll
0x00007ffb5b2e0000 - 0x00007ffb5b390000 	C:\Windows\System32\ADVAPI32.dll
0x00007ffb5b240000 - 0x00007ffb5b2e0000 	C:\Windows\System32\sechost.dll
0x00007ffb5b110000 - 0x00007ffb5b233000 	C:\Windows\System32\RPCRT4.dll
0x00007ffb5a190000 - 0x00007ffb5a1b7000 	C:\Windows\System32\bcrypt.dll
0x00007ffb59530000 - 0x00007ffb5957b000 	C:\Windows\SYSTEM32\POWRPROF.dll
0x00007ffb52660000 - 0x00007ffb52669000 	C:\Windows\SYSTEM32\WSOCK32.dll
0x00007ffb5b390000 - 0x00007ffb5b3fb000 	C:\Windows\System32\WS2_32.dll
0x00007ffb54160000 - 0x00007ffb54187000 	C:\Windows\SYSTEM32\WINMM.dll
0x00007ffb4d430000 - 0x00007ffb4d43a000 	C:\Windows\SYSTEM32\VERSION.dll
0x00007ffb59150000 - 0x00007ffb59162000 	C:\Windows\SYSTEM32\UMPDC.dll
0x00007ffb57c50000 - 0x00007ffb57c62000 	C:\Windows\SYSTEM32\kernel.appcore.dll
0x00007ffb59330000 - 0x00007ffb5933a000 	C:\Program Files\Android\Android Studio\jbr\bin\jimage.dll
0x00007ffb59340000 - 0x00007ffb59524000 	C:\Windows\SYSTEM32\DBGHELP.DLL
0x00007ffb59260000 - 0x00007ffb59294000 	C:\Windows\SYSTEM32\dbgcore.DLL
0x00007ffb5a0d0000 - 0x00007ffb5a152000 	C:\Windows\System32\bcryptPrimitives.dll
0x00007ffb402b0000 - 0x00007ffb402d5000 	C:\Program Files\Android\Android Studio\jbr\bin\java.dll
0x00007ffb40290000 - 0x00007ffb402a8000 	C:\Program Files\Android\Android Studio\jbr\bin\zip.dll
0x00007ffb5b650000 - 0x00007ffb5bdbf000 	C:\Windows\System32\SHELL32.dll
0x00007ffb574a0000 - 0x00007ffb57c3f000 	C:\Windows\SYSTEM32\windows.storage.dll
0x00007ffb5adb0000 - 0x00007ffb5b103000 	C:\Windows\System32\combase.dll
0x00007ffb590b0000 - 0x00007ffb590de000 	C:\Windows\SYSTEM32\Wldp.dll
0x00007ffb5bdc0000 - 0x00007ffb5be8d000 	C:\Windows\System32\OLEAUT32.dll
0x00007ffb5a6c0000 - 0x00007ffb5a76d000 	C:\Windows\System32\SHCORE.dll
0x00007ffb5a990000 - 0x00007ffb5a9e5000 	C:\Windows\System32\shlwapi.dll
0x00007ffb59a30000 - 0x00007ffb59a54000 	C:\Windows\SYSTEM32\profapi.dll
0x00007ffb40270000 - 0x00007ffb40289000 	C:\Program Files\Android\Android Studio\jbr\bin\net.dll
0x00007ffb539d0000 - 0x00007ffb53add000 	C:\Windows\SYSTEM32\WINHTTP.dll
0x00007ffb58ae0000 - 0x00007ffb58b4a000 	C:\Windows\system32\mswsock.dll
0x00007ffb40250000 - 0x00007ffb40266000 	C:\Program Files\Android\Android Studio\jbr\bin\nio.dll
0x00007ffb499d0000 - 0x00007ffb499e0000 	C:\Program Files\Android\Android Studio\jbr\bin\verify.dll

dbghelp: loaded successfully - version: 4.0.5 - missing functions: none
symbol engine: initialized successfully - sym options: 0x614 - pdb path: .;C:\Program Files\Android\Android Studio\jbr\bin;C:\Windows\SYSTEM32;C:\Windows\WinSxS\amd64_microsoft.windows.common-controls_6595b64144ccf1df_6.0.19041.4355_none_60b8b9eb71f62e16;C:\Program Files\Android\Android Studio\jbr\bin\server

VM Arguments:
java_command: org.jetbrains.kotlin.cli.jvm.K2JVMCompiler @C:\Users\abdul\Downloads\DailyPulse\DailyPulse\composeApp\build\20240907_8134417306895098669.compiler.options
java_class_path (initial): C:\Users\abdul\.gradle\caches\modules-2\files-2.1\org.jetbrains.kotlin\kotlin-compiler-embeddable\2.0.20\244b603e8c729f98baaf9088d90b5b9350c68af8\kotlin-compiler-embeddable-2.0.20.jar;C:\Users\abdul\.gradle\caches\modules-2\files-2.1\org.jetbrains.kotlin\kotlin-stdlib\2.0.20\7388d355f7cceb002cd387ccb7ab3850e4e0a07f\kotlin-stdlib-2.0.20.jar;C:\Users\abdul\.gradle\caches\modules-2\files-2.1\org.jetbrains.kotlin\kotlin-script-runtime\2.0.20\4aea042b39014e0a924c2e1d4a21b6fff7e4d35\kotlin-script-runtime-2.0.20.jar;C:\Users\abdul\.gradle\caches\modules-2\files-2.1\org.jetbrains.kotlin\kotlin-reflect\1.6.10\1cbe9c92c12a94eea200d23c2bbaedaf3daf5132\kotlin-reflect-1.6.10.jar;C:\Users\abdul\.gradle\caches\modules-2\files-2.1\org.jetbrains.kotlin\kotlin-daemon-embeddable\2.0.20\9eb02dce62f058efe6a121cf00cf5da9779e2746\kotlin-daemon-embeddable-2.0.20.jar;C:\Users\abdul\.gradle\caches\modules-2\files-2.1\org.jetbrains.intellij.deps\trove4j\1.0.20200330\3afb14d5f9ceb459d724e907a21145e8ff394f02\trove4j-1.0.20200330.jar;C:\Users\abdul\.gradle\caches\modules-2\files-2.1\org.jetbrains.kotlinx\kotlinx-coroutines-core-jvm\1.6.4\2c997cd1c0ef33f3e751d3831929aeff1390cb30\kotlinx-coroutines-core-jvm-1.6.4.jar;C:\Users\abdul\.gradle\caches\modules-2\files-2.1\org.jetbrains\annotations\13.0\919f0dfe192fb4e063e7dacadee7f8bb9a2672a9\annotations-13.0.jar
Launcher Type: SUN_STANDARD

[Global flags]
     intx CICompilerCount                          = 4                                         {product} {ergonomic}
     uint ConcGCThreads                            = 2                                         {product} {ergonomic}
     uint G1ConcRefinementThreads                  = 8                                         {product} {ergonomic}
   size_t G1HeapRegionSize                         = 1048576                                   {product} {ergonomic}
    uintx GCDrainStackTargetSize                   = 64                                        {product} {ergonomic}
   size_t InitialHeapSize                          = 130023424                                 {product} {ergonomic}
   size_t MarkStackSize                            = 4194304                                   {product} {ergonomic}
   size_t MaxHeapSize                              = 2076180480                                {product} {ergonomic}
   size_t MaxNewSize                               = 1245708288                                {product} {ergonomic}
   size_t MinHeapDeltaBytes                        = 1048576                                   {product} {ergonomic}
   size_t MinHeapSize                              = 8388608                                   {product} {ergonomic}
    uintx NonNMethodCodeHeapSize                   = 5839372                                {pd product} {ergonomic}
    uintx NonProfiledCodeHeapSize                  = 122909434                              {pd product} {ergonomic}
    uintx ProfiledCodeHeapSize                     = 122909434                              {pd product} {ergonomic}
    uintx ReservedCodeCacheSize                    = 251658240                              {pd product} {ergonomic}
     bool SegmentedCodeCache                       = true                                      {product} {ergonomic}
   size_t SoftMaxHeapSize                          = 2076180480                             {manageable} {ergonomic}
     bool UseCompressedClassPointers               = true                           {product lp64_product} {ergonomic}
     bool UseCompressedOops                        = true                           {product lp64_product} {ergonomic}
     bool UseG1GC                                  = true                                      {product} {ergonomic}
     bool UseLargePagesIndividualAllocation        = false                                  {pd product} {ergonomic}

Logging:
Log output configuration:
 #0: stdout all=warning uptime,level,tags
 #1: stderr all=off uptime,level,tags

Environment Variables:
PATH=C:\Program Files\Common Files\Oracle\Java\javapath;C:\Windows\system32;C:\Windows;C:\Windows\System32\Wbem;C:\Windows\System32\WindowsPowerShell\v1.0\;C:\Windows\System32\OpenSSH\;C:\Program Files\NVIDIA Corporation\NVIDIA NvDLISR;C:\Windows\system32;C:\Windows;C:\Windows\System32\Wbem;C:\Windows\System32\WindowsPowerShell\v1.0\;C:\Windows\System32\OpenSSH\;C:\Program Files\OpenSSL-Win64\bin;C:\Program Files\Git\cmd;C:\Program Files\nodejs\;C:\Users\abdul\AppData\Local\Microsoft\WindowsApps;C:\Users\abdul\AppData\Local\GitHubDesktop\bin;C:\Users\abdul\AppData\Local\Programs\Microsoft VS Code\bin;C:\Users\abdul\Downloads\flutter_windows_3.22.2-stable\flutter\bin;C:\Users\abdul\AppData\Roaming\npm
USERNAME=abdul
OS=Windows_NT
PROCESSOR_IDENTIFIER=Intel64 Family 6 Model 140 Stepping 1, GenuineIntel
TMP=C:\Users\abdul\AppData\Local\Temp
TEMP=C:\Users\abdul\AppData\Local\Temp



Periodic native trim disabled

JNI global refs:
JNI global refs: 9, weak refs: 18

JNI global refs memory usage: 843, weak refs: 841

Process memory usage:
Resident Set Size: 316584K (3% of 8104744K total physical memory with 178956K free physical memory)

OOME stack traces (most recent first):
Classloader memory used:
Loader jdk.internal.loader.ClassLoaders$AppClassLoader                                 : 7357K
Loader bootstrap                                                                       : 1363K
Loader java.net.URLClassLoader                                                         : 228K
Loader jdk.internal.jrtfs.JrtFileSystemProvider$JrtFsLoader                            : 40092B
Loader jdk.internal.loader.ClassLoaders$PlatformClassLoader                            : 9114B
Loader jdk.internal.reflect.DelegatingClassLoader                                      : 2131B

Classes loaded by more than one classloader:
Class jdk.internal.jimage.BasicImageReader$1                                          : loaded 2 times (x 75B)
Class jdk.internal.jimage.ImageBufferCache$1                                          : loaded 2 times (x 78B)
Class jdk.internal.jimage.ImageBufferCache$2                                          : loaded 2 times (x 89B)
Class jdk.internal.jimage.ImageReader$SharedImageReader                               : loaded 2 times (x 93B)
Class jdk.internal.jimage.decompressor.ZipDecompressorFactory                         : loaded 2 times (x 72B)
Class jdk.internal.jimage.ImageHeader                                                 : loaded 2 times (x 69B)
Class jdk.internal.jimage.decompressor.StringSharingDecompressorFactory               : loaded 2 times (x 72B)
Class jdk.internal.jimage.BasicImageReader                                            : loaded 2 times (x 93B)
Class jdk.internal.jimage.ImageLocation                                               : loaded 2 times (x 88B)
Class jdk.internal.jimage.ImageReader$Node                                            : loaded 2 times (x 82B)
Class jdk.internal.jimage.decompressor.CompressedResourceHeader                       : loaded 2 times (x 69B)
Class jdk.internal.jrtfs.JrtPath                                                      : loaded 2 times (x 116B)
Class jdk.internal.jimage.ImageStrings                                                : loaded 2 times (x 68B)
Class jdk.internal.jimage.decompressor.ResourceDecompressorRepository                 : loaded 2 times (x 69B)
Class jdk.internal.jimage.decompressor.ResourceDecompressor$StringsProvider           : loaded 2 times (x 68B)
Class jdk.internal.jimage.decompressor.Decompressor                                   : loaded 2 times (x 70B)
Class jdk.internal.jrtfs.JrtFileSystem                                                : loaded 2 times (x 100B)
Class jdk.internal.jrtfs.JrtFileSystemProvider                                        : loaded 2 times (x 97B)
Class jdk.internal.jimage.decompressor.ResourceDecompressor                           : loaded 2 times (x 68B)
Class jdk.internal.jimage.ImageStringsReader                                          : loaded 2 times (x 78B)
Class jdk.internal.jimage.decompressor.ResourceDecompressorFactory                    : loaded 2 times (x 72B)
Class jdk.internal.jimage.decompressor.ZipDecompressor                                : loaded 2 times (x 73B)
Class jdk.internal.jimage.ImageReader                                                 : loaded 2 times (x 73B)
Class jdk.internal.jimage.ImageBufferCache                                            : loaded 2 times (x 69B)
Class jdk.internal.jimage.ImageReader$Directory                                       : loaded 2 times (x 82B)


---------------  S Y S T E M  ---------------

OS:
 Windows 10 , 64 bit Build 19041 (10.0.19041.4717)
OS uptime: 1 days 12:45 hours

CPU: total 8 (initial active 8) (4 cores per cpu, 2 threads per core) family 6 model 140 stepping 1 microcode 0xb4, cx8, cmov, fxsr, ht, mmx, 3dnowpref, sse, sse2, sse3, ssse3, sse4.1, sse4.2, popcnt, lzcnt, tsc, tscinvbit, avx, avx2, aes, erms, clmul, bmi1, bmi2, adx, avx512f, avx512dq, avx512cd, avx512bw, avx512vl, sha, fma, vzeroupper, avx512_vpopcntdq, avx512_vpclmulqdq, avx512_vaes, avx512_vnni, clflush, clflushopt, clwb, avx512_vbmi2, avx512_vbmi
Processor Information for all 8 processors :
  Max Mhz: 1382, Current Mhz: 1382, Mhz Limit: 1382

Memory: 4k page, system-wide physical 7914M (175M free)
TotalPageFile size 21039M (AvailPageFile size 35M)
current process WorkingSet (physical memory assigned to process): 309M, peak: 309M
current process commit charge ("private bytes"): 384M, peak: 532M

vm_info: OpenJDK 64-Bit Server VM (17.0.11+0--11852314) for windows-amd64 JRE (17.0.11+0--11852314), built on May 16 2024 21:29:20 by "androidbuild" with MS VC++ 16.10 / 16.11 (VS2019)

END.
