#
# There is insufficient memory for the Java Runtime Environment to continue.
# Native memory allocation (mmap) failed to map 130023424 bytes. Error detail: G1 virtual space
# Possible reasons:
#   The system is out of physical RAM or swap space
#   This process is running with CompressedOops enabled, and the Java Heap may be blocking the growth of the native heap
# Possible solutions:
#   Reduce memory load on the system
#   Increase physical memory or swap space
#   Check if swap backing store is full
#   Decrease Java heap size (-Xmx/-Xms)
#   Decrease number of Java threads
#   Decrease Java thread stack sizes (-Xss)
#   Set larger code cache with -XX:ReservedCodeCacheSize=
#   JVM is running with Unscaled Compressed Oops mode in which the Java heap is
#     placed in the first 4GB address space. The Java Heap base address is the
#     maximum limit for the native heap growth. Please use -XX:HeapBaseMinAddress
#     to set the Java Heap base and to place the Java Heap above 4GB virtual address.
# This output file may be truncated or incomplete.
#
#  Out of Memory Error (os_windows.cpp:3825), pid=39864, tid=17324
#
# JRE version:  (17.0.11) (build )
# Java VM: OpenJDK 64-Bit Server VM (17.0.11+0--11852314, mixed mode, sharing, tiered, compressed oops, compressed class ptrs, g1 gc, windows-amd64)
# No core dump will be written. Minidumps are not enabled by default on client versions of Windows
#

---------------  S U M M A R Y ------------

Command Line: org.jetbrains.kotlin.cli.metadata.K2MetadataCompiler @C:\Users\abdul\Downloads\DailyPulse\DailyPulse\composeApp\build\20240907_466722167345534676.compiler.options

Host: 11th Gen Intel(R) Core(TM) i5-1135G7 @ 2.40GHz, 8 cores, 7G,  Windows 10 , 64 bit Build 19041 (10.0.19041.4717)
Time: Sat Sep  7 23:43:01 2024 India Standard Time elapsed time: 0.211714 seconds (0d 0h 0m 0s)

---------------  T H R E A D  ---------------

Current thread (0x00000254d757e450):  JavaThread "Unknown thread" [_thread_in_vm, id=17324, stack(0x000000b995f00000,0x000000b996000000)]

Stack: [0x000000b995f00000,0x000000b996000000]
Native frames: (J=compiled Java code, j=interpreted, Vv=VM code, C=native code)
V  [jvm.dll+0x687bb9]
V  [jvm.dll+0x84142a]
V  [jvm.dll+0x8430ae]
V  [jvm.dll+0x843713]
V  [jvm.dll+0x24a35f]
V  [jvm.dll+0x684989]
V  [jvm.dll+0x67923a]
V  [jvm.dll+0x30af0b]
V  [jvm.dll+0x3123b6]
V  [jvm.dll+0x361dfe]
V  [jvm.dll+0x36202f]
V  [jvm.dll+0x2e0d38]
V  [jvm.dll+0x2e1ca4]
V  [jvm.dll+0x811f21]
V  [jvm.dll+0x36fb68]
V  [jvm.dll+0x7f0896]
V  [jvm.dll+0x3f3d2f]
V  [jvm.dll+0x3f58e1]
C  [jli.dll+0x528f]
C  [ucrtbase.dll+0x21bb2]
C  [KERNEL32.DLL+0x17374]
C  [ntdll.dll+0x4cc91]


---------------  P R O C E S S  ---------------

Threads class SMR info:
_java_thread_list=0x00007ffadf0befd8, length=0, elements={
}

Java Threads: ( => current thread )

Other Threads:
  0x00000254d75d7fa0 GCTaskThread "GC Thread#0" [stack: 0x000000b996000000,0x000000b996100000] [id=9272]
  0x00000254d75e8670 ConcurrentGCThread "G1 Main Marker" [stack: 0x000000b996100000,0x000000b996200000] [id=27852]
  0x00000254d75e9090 ConcurrentGCThread "G1 Conc#0" [stack: 0x000000b996200000,0x000000b996300000] [id=28572]

[error occurred during error reporting (printing all threads), id 0xc0000005, EXCEPTION_ACCESS_VIOLATION (0xc0000005) at pc=0x00007ffade871907]

VM state: not at safepoint (not fully initialized)

VM Mutex/Monitor currently owned by a thread:  ([mutex/lock_event])
[0x00000254d7578d80] Heap_lock - owner thread: 0x00000254d757e450

Heap address: 0x0000000084400000, size: 1980 MB, Compressed Oops mode: 32-bit

CDS archive(s) mapped at: [0x0000000000000000-0x0000000000000000-0x0000000000000000), size 0, SharedBaseAddress: 0x0000000800000000, ArchiveRelocationMode: 1.
Narrow klass base: 0x0000000000000000, Narrow klass shift: 0, Narrow klass range: 0x0

GC Precious Log:
<Empty>

Heap:
 garbage-first heap   total 0K, used 0K [0x0000000084400000, 0x0000000100000000)
  region size 1024K, 0 young (0K), 0 survivors (0K)
 Metaspace       used 0K, committed 0K, reserved 0K
  class space    used 0K, committed 0K, reserved 0K

Heap Regions: E=young(eden), S=young(survivor), O=old, HS=humongous(starts), HC=humongous(continues), CS=collection set, F=free, OA=open archive, CA=closed archive, TAMS=top-at-mark-start (previous, next)

Card table byte_map: [0x00000254ea170000,0x00000254ea550000] _byte_map_base: 0x00000254e9d4e000

Marking Bits (Prev, Next): (CMBitMap*) 0x00000254d75d85c0, (CMBitMap*) 0x00000254d75d8600
 Prev Bits: [0x00000254ea930000, 0x00000254ec820000)
 Next Bits: [0x00000254ec820000, 0x00000254ee710000)

GC Heap History (0 events):
No events

Dll operation events (1 events):
Event: 0.128 Loaded shared library C:\Program Files\Android\Android Studio\jbr\bin\java.dll

Deoptimization events (0 events):
No events

Classes unloaded (0 events):
No events

Classes redefined (0 events):
No events

Internal exceptions (0 events):
No events

VM Operations (0 events):
No events

Events (0 events):
No events


Dynamic libraries:
0x00007ff66cc40000 - 0x00007ff66cc4a000 	C:\Program Files\Android\Android Studio\jbr\bin\java.exe
0x00007ffb5c450000 - 0x00007ffb5c648000 	C:\Windows\SYSTEM32\ntdll.dll
0x00007ffb5ab30000 - 0x00007ffb5abf1000 	C:\Windows\System32\KERNEL32.DLL
0x00007ffb59c20000 - 0x00007ffb59f1d000 	C:\Windows\System32\KERNELBASE.dll
0x00007ffb59fd0000 - 0x00007ffb5a0d0000 	C:\Windows\System32\ucrtbase.dll
0x00007ffb27e40000 - 0x00007ffb27e5b000 	C:\Program Files\Android\Android Studio\jbr\bin\VCRUNTIME140.dll
0x00007ffb3d830000 - 0x00007ffb3d847000 	C:\Program Files\Android\Android Studio\jbr\bin\jli.dll
0x00007ffb5ac10000 - 0x00007ffb5adad000 	C:\Windows\System32\USER32.dll
0x00007ffb5a160000 - 0x00007ffb5a182000 	C:\Windows\System32\win32u.dll
0x00007ffb5a960000 - 0x00007ffb5a98b000 	C:\Windows\System32\GDI32.dll
0x00007ffb59b00000 - 0x00007ffb59c17000 	C:\Windows\System32\gdi32full.dll
0x00007ffb58e10000 - 0x00007ffb590aa000 	C:\Windows\WinSxS\amd64_microsoft.windows.common-controls_6595b64144ccf1df_6.0.19041.4355_none_60b8b9eb71f62e16\COMCTL32.dll
0x00007ffb5a8c0000 - 0x00007ffb5a95e000 	C:\Windows\System32\msvcrt.dll
0x00007ffb5a1c0000 - 0x00007ffb5a25d000 	C:\Windows\System32\msvcp_win.dll
0x00007ffb5a770000 - 0x00007ffb5a79f000 	C:\Windows\System32\IMM32.DLL
0x00007ffb2ba60000 - 0x00007ffb2ba6c000 	C:\Program Files\Android\Android Studio\jbr\bin\vcruntime140_1.dll
0x00007ffaed3b0000 - 0x00007ffaed43d000 	C:\Program Files\Android\Android Studio\jbr\bin\msvcp140.dll
0x00007ffade580000 - 0x00007ffadf203000 	C:\Program Files\Android\Android Studio\jbr\bin\server\jvm.dll
0x00007ffb5b2e0000 - 0x00007ffb5b390000 	C:\Windows\System32\ADVAPI32.dll
0x00007ffb5b240000 - 0x00007ffb5b2e0000 	C:\Windows\System32\sechost.dll
0x00007ffb5b110000 - 0x00007ffb5b233000 	C:\Windows\System32\RPCRT4.dll
0x00007ffb5a190000 - 0x00007ffb5a1b7000 	C:\Windows\System32\bcrypt.dll
0x00007ffb52660000 - 0x00007ffb52669000 	C:\Windows\SYSTEM32\WSOCK32.dll
0x00007ffb5b390000 - 0x00007ffb5b3fb000 	C:\Windows\System32\WS2_32.dll
0x00007ffb54160000 - 0x00007ffb54187000 	C:\Windows\SYSTEM32\WINMM.dll
0x00007ffb59530000 - 0x00007ffb5957b000 	C:\Windows\SYSTEM32\POWRPROF.dll
0x00007ffb4d430000 - 0x00007ffb4d43a000 	C:\Windows\SYSTEM32\VERSION.dll
0x00007ffb59150000 - 0x00007ffb59162000 	C:\Windows\SYSTEM32\UMPDC.dll
0x00007ffb57c50000 - 0x00007ffb57c62000 	C:\Windows\SYSTEM32\kernel.appcore.dll
0x00007ffb59330000 - 0x00007ffb5933a000 	C:\Program Files\Android\Android Studio\jbr\bin\jimage.dll
0x00007ffb59340000 - 0x00007ffb59524000 	C:\Windows\SYSTEM32\DBGHELP.DLL
0x00007ffb59260000 - 0x00007ffb59294000 	C:\Windows\SYSTEM32\dbgcore.DLL
0x00007ffb5a0d0000 - 0x00007ffb5a152000 	C:\Windows\System32\bcryptPrimitives.dll
0x00007ffb402b0000 - 0x00007ffb402d5000 	C:\Program Files\Android\Android Studio\jbr\bin\java.dll

dbghelp: loaded successfully - version: 4.0.5 - missing functions: none
symbol engine: initialized successfully - sym options: 0x614 - pdb path: .;C:\Program Files\Android\Android Studio\jbr\bin;C:\Windows\SYSTEM32;C:\Windows\WinSxS\amd64_microsoft.windows.common-controls_6595b64144ccf1df_6.0.19041.4355_none_60b8b9eb71f62e16;C:\Program Files\Android\Android Studio\jbr\bin\server

VM Arguments:
java_command: org.jetbrains.kotlin.cli.metadata.K2MetadataCompiler @C:\Users\abdul\Downloads\DailyPulse\DailyPulse\composeApp\build\20240907_466722167345534676.compiler.options
java_class_path (initial): C:\Users\abdul\.gradle\caches\modules-2\files-2.1\org.jetbrains.kotlin\kotlin-compiler-embeddable\2.0.20\244b603e8c729f98baaf9088d90b5b9350c68af8\kotlin-compiler-embeddable-2.0.20.jar;C:\Users\abdul\.gradle\caches\modules-2\files-2.1\org.jetbrains.kotlin\kotlin-stdlib\2.0.20\7388d355f7cceb002cd387ccb7ab3850e4e0a07f\kotlin-stdlib-2.0.20.jar;C:\Users\abdul\.gradle\caches\modules-2\files-2.1\org.jetbrains.kotlin\kotlin-script-runtime\2.0.20\4aea042b39014e0a924c2e1d4a21b6fff7e4d35\kotlin-script-runtime-2.0.20.jar;C:\Users\abdul\.gradle\caches\modules-2\files-2.1\org.jetbrains.kotlin\kotlin-reflect\1.6.10\1cbe9c92c12a94eea200d23c2bbaedaf3daf5132\kotlin-reflect-1.6.10.jar;C:\Users\abdul\.gradle\caches\modules-2\files-2.1\org.jetbrains.kotlin\kotlin-daemon-embeddable\2.0.20\9eb02dce62f058efe6a121cf00cf5da9779e2746\kotlin-daemon-embeddable-2.0.20.jar;C:\Users\abdul\.gradle\caches\modules-2\files-2.1\org.jetbrains.intellij.deps\trove4j\1.0.20200330\3afb14d5f9ceb459d724e907a21145e8ff394f02\trove4j-1.0.20200330.jar;C:\Users\abdul\.gradle\caches\modules-2\files-2.1\org.jetbrains.kotlinx\kotlinx-coroutines-core-jvm\1.6.4\2c997cd1c0ef33f3e751d3831929aeff1390cb30\kotlinx-coroutines-core-jvm-1.6.4.jar;C:\Users\abdul\.gradle\caches\modules-2\files-2.1\org.jetbrains\annotations\13.0\919f0dfe192fb4e063e7dacadee7f8bb9a2672a9\annotations-13.0.jar
Launcher Type: SUN_STANDARD

[Global flags]
     intx CICompilerCount                          = 4                                         {product} {ergonomic}
     uint ConcGCThreads                            = 2                                         {product} {ergonomic}
     uint G1ConcRefinementThreads                  = 8                                         {product} {ergonomic}
   size_t G1HeapRegionSize                         = 1048576                                   {product} {ergonomic}
    uintx GCDrainStackTargetSize                   = 64                                        {product} {ergonomic}
   size_t InitialHeapSize                          = 130023424                                 {product} {ergonomic}
   size_t MarkStackSize                            = 4194304                                   {product} {ergonomic}
   size_t MaxHeapSize                              = 2076180480                                {product} {ergonomic}
   size_t MinHeapDeltaBytes                        = 1048576                                   {product} {ergonomic}
   size_t MinHeapSize                              = 8388608                                   {product} {ergonomic}
    uintx NonNMethodCodeHeapSize                   = 5839372                                {pd product} {ergonomic}
    uintx NonProfiledCodeHeapSize                  = 122909434                              {pd product} {ergonomic}
    uintx ProfiledCodeHeapSize                     = 122909434                              {pd product} {ergonomic}
    uintx ReservedCodeCacheSize                    = 251658240                              {pd product} {ergonomic}
     bool SegmentedCodeCache                       = true                                      {product} {ergonomic}
   size_t SoftMaxHeapSize                          = 2076180480                             {manageable} {ergonomic}
     bool UseCompressedClassPointers               = true                           {product lp64_product} {ergonomic}
     bool UseCompressedOops                        = true                           {product lp64_product} {ergonomic}
     bool UseG1GC                                  = true                                      {product} {ergonomic}
     bool UseLargePagesIndividualAllocation        = false                                  {pd product} {ergonomic}

Logging:
Log output configuration:
 #0: stdout all=warning uptime,level,tags
 #1: stderr all=off uptime,level,tags

Environment Variables:
PATH=C:\Program Files\Common Files\Oracle\Java\javapath;C:\Windows\system32;C:\Windows;C:\Windows\System32\Wbem;C:\Windows\System32\WindowsPowerShell\v1.0\;C:\Windows\System32\OpenSSH\;C:\Program Files\NVIDIA Corporation\NVIDIA NvDLISR;C:\Windows\system32;C:\Windows;C:\Windows\System32\Wbem;C:\Windows\System32\WindowsPowerShell\v1.0\;C:\Windows\System32\OpenSSH\;C:\Program Files\OpenSSL-Win64\bin;C:\Program Files\Git\cmd;C:\Program Files\nodejs\;C:\Users\abdul\AppData\Local\Microsoft\WindowsApps;C:\Users\abdul\AppData\Local\GitHubDesktop\bin;C:\Users\abdul\AppData\Local\Programs\Microsoft VS Code\bin;C:\Users\abdul\Downloads\flutter_windows_3.22.2-stable\flutter\bin;C:\Users\abdul\AppData\Roaming\npm
USERNAME=abdul
OS=Windows_NT
PROCESSOR_IDENTIFIER=Intel64 Family 6 Model 140 Stepping 1, GenuineIntel
TMP=C:\Users\abdul\AppData\Local\Temp
TEMP=C:\Users\abdul\AppData\Local\Temp



Periodic native trim disabled

JNI global refs:
JNI global refs: 0, weak refs: 0

JNI global refs memory usage: 0, weak refs: 0

Process memory usage:
Resident Set Size: 10392K (0% of 8104744K total physical memory with 61312K free physical memory)

OOME stack traces (most recent first):
Classloader memory used:


---------------  S Y S T E M  ---------------

OS:
 Windows 10 , 64 bit Build 19041 (10.0.19041.4717)
OS uptime: 1 days 12:45 hours

CPU: total 8 (initial active 8) (4 cores per cpu, 2 threads per core) family 6 model 140 stepping 1 microcode 0xb4, cx8, cmov, fxsr, ht, mmx, 3dnowpref, sse, sse2, sse3, ssse3, sse4.1, sse4.2, popcnt, lzcnt, tsc, tscinvbit, avx, avx2, aes, erms, clmul, bmi1, bmi2, adx, avx512f, avx512dq, avx512cd, avx512bw, avx512vl, sha, fma, vzeroupper, avx512_vpopcntdq, avx512_vpclmulqdq, avx512_vaes, avx512_vnni, clflush, clflushopt, clwb, avx512_vbmi2, avx512_vbmi
Processor Information for all 8 processors :
  Max Mhz: 1382, Current Mhz: 1382, Mhz Limit: 1382

Memory: 4k page, system-wide physical 7914M (59M free)
TotalPageFile size 21039M (AvailPageFile size 111M)
current process WorkingSet (physical memory assigned to process): 10M, peak: 10M
current process commit charge ("private bytes"): 60M, peak: 184M

vm_info: OpenJDK 64-Bit Server VM (17.0.11+0--11852314) for windows-amd64 JRE (17.0.11+0--11852314), built on May 16 2024 21:29:20 by "androidbuild" with MS VC++ 16.10 / 16.11 (VS2019)

END.
